Log file open, 11/10/16 19:23:50
LogInit:Display: Running engine for game: IncreaseYourMind
LogPlatformFile: Not using cached read wrapper
LogInit:Display: RandInit(765062271) SRandInit(765062275).
LogTaskGraph: Started task graph with 4 named threads and 5 total threads with 1 sets of task threads.
LogStats: Stats thread started at 0.121252
LogInit: Version: 4.12.5-3039270+++UE4+Release-4.12
LogInit: API Version: 2992821
LogInit: Net Version: 3039270
LogDevObjectVersion: Number of dev versions registered: 13
LogDevObjectVersion:   Dev-Blueprints (B0D832E4-1F89-4F0D-ACCF-7EB736FD4AA2): 3
LogDevObjectVersion:   Dev-Build (E1C64328-A22C-4D53-A36C-8E866417BD8C): 0
LogDevObjectVersion:   Dev-Core (375EC13C-06E4-48FB-B500-84F0262A717E): 1
LogDevObjectVersion:   Dev-Editor (E4B068ED-F494-42E9-A231-DA0B2E46BB41): 2
LogDevObjectVersion:   Dev-Framework (CFFC743F-43B0-4480-9391-14DF171D2073): 6
LogDevObjectVersion:   Dev-Mobile (B02B49B5-BB20-44E9-A304-32B752E40360): 0
LogDevObjectVersion:   Dev-Networking (A4E4105C-59A1-49B5-A7C5-40C4547EDFEE): 0
LogDevObjectVersion:   Dev-Online (39C831C9-5AE6-47DC-9A44-9C173E1C8E7C): 0
LogDevObjectVersion:   Dev-Physics (78F01B33-EBEA-4F98-B9B4-84EACCB95AA2): 0
LogDevObjectVersion:   Dev-Platform (6631380F-2D4D-43E0-8009-CF276956A95A): 0
LogDevObjectVersion:   Dev-Rendering (12F88B9F-8875-4AFC-A67C-D90C383ABD29): 2
LogDevObjectVersion:   Dev-Sequencer (7B5AE74C-D270-4C10-A958-57980B212A5A): 0
LogDevObjectVersion:   Dev-VR (D7296918-1DD6-4BDD-9DE2-64A83CC13884): 0
LogInit: Compiled (64-bit): Jul  6 2016 09:09:46
LogInit: Compiled with Visual C++: 19.00.23026.00
LogInit: Build Configuration: Development
LogInit: Branch Name: ++UE4+Release-4.12
LogInit: Command line:  
LogInit: Base directory: C:/Program Files (x86)/Epic Games/4.12/Engine/Binaries/Win64/
LogInit: Installed Engine Build: 1
LogInit: Using libcurl 7.41.0
LogInit:  - built for x86_64-pc-win32
LogInit:  - supports SSL with WinSSL
LogInit:  - other features:
LogInit:      CURL_VERSION_SSL
LogInit:      CURL_VERSION_IPV6
LogInit:      CURL_VERSION_ASYNCHDNS
LogInit:      CURL_VERSION_LARGEFILE
LogInit:      CURL_VERSION_IDN
LogInit:  CurlRequestOptions (configurable via config and command line):
LogInit:  - bVerifyPeer = true  - Libcurl will verify peer certificate
LogInit:  - bUseHttpProxy = false  - Libcurl will NOT use HTTP proxy
LogInit:  - bDontReuseConnections = false  - Libcurl will reuse connections
LogInit:  - CertBundlePath = nullptr  - Libcurl will use whatever was configured at build time.
LogInit: Presizing for max 8388607 objects, including 0 objects not considered by GC, pre-allocating 0 bytes for permanent pool.
LogInit: Object subsystem initialized
[2016.11.10-18.23.50:658][  0]LogInit: Selected Device Profile: [Windows]
[2016.11.10-18.23.50:658][  0]LogInit: Applying CVar settings loaded from the selected device profile: [Windows]
[2016.11.10-18.23.50:697][  0]LogInit: Computer: VM-WIN10X64-DEV
[2016.11.10-18.23.50:697][  0]LogInit: User: admin
[2016.11.10-18.23.50:697][  0]LogInit: CPU Page size=65536, Cores=2
[2016.11.10-18.23.50:697][  0]LogInit: High frequency timer resolution =3.808512 MHz
[2016.11.10-18.23.50:697][  0]LogMemory: Memory total: Physical=8.0GB (8GB approx)
[2016.11.10-18.23.50:697][  0]LogMemory: Platform Memory Stats for Windows
[2016.11.10-18.23.50:697][  0]LogMemory: Process Physical Memory: 189.97 MB used, 189.97 MB peak
[2016.11.10-18.23.50:697][  0]LogMemory: Process Virtual Memory: 194.77 MB used, 194.77 MB peak
[2016.11.10-18.23.50:697][  0]LogMemory: Physical Memory: 1657.40 MB used, 8191.49 MB total
[2016.11.10-18.23.50:697][  0]LogMemory: Virtual Memory: 552.28 MB used, 134217728.00 MB total
[2016.11.10-18.23.51:196][  0]LogTextLocalizationManager: No translations for ('fr-CH') exist, falling back to 'en' for localization and internationalization data.
[2016.11.10-18.23.51:857][  0]LogD3D11RHI: D3D11 adapters:
[2016.11.10-18.23.52:020][  0]LogD3D11RHI:    0. 'VMware SVGA 3D' (Feature Level 10_0)
[2016.11.10-18.23.52:020][  0]LogD3D11RHI:       4/0/1056 MB DedicatedVideo/DedicatedSystem/SharedSystem, Outputs:1, VendorId:0x15ad
[2016.11.10-18.23.52:023][  0]LogD3D11RHI:    1. 'Microsoft Basic Render Driver' (Feature Level 11_0)
[2016.11.10-18.23.52:023][  0]LogD3D11RHI:       0/0/4095 MB DedicatedVideo/DedicatedSystem/SharedSystem, Outputs:0, VendorId:0x1414
[2016.11.10-18.23.52:023][  0]LogD3D11RHI: Chosen D3D11 Adapter: 0
[2016.11.10-18.23.52:030][  0]LogD3D11RHI: Creating new Direct3DDevice
[2016.11.10-18.23.52:030][  0]LogD3D11RHI:     GPU DeviceId: 0x405 (for the marketing name, search the web for "GPU Device Id")
[2016.11.10-18.23.52:030][  0]LogWindows: EnumDisplayDevices:
[2016.11.10-18.23.52:030][  0]LogWindows:    0. 'VMware SVGA 3D' (P:1 D:1)
[2016.11.10-18.23.52:030][  0]LogWindows:    1. 'VMware SVGA 3D' (P:0 D:0)
[2016.11.10-18.23.52:030][  0]LogWindows: DebugString: GetVideoDriverDetailsInvalid GetVideoDriverDetailsInvalid FoundDriverCount:2 
[2016.11.10-18.23.52:030][  0]LogD3D11RHI:     Adapter Name: VMware SVGA 3D
[2016.11.10-18.23.52:030][  0]LogD3D11RHI:   Driver Version: 8.15.1.48 (internal:8.15.1.48, unified:8.15.1.48)
[2016.11.10-18.23.52:030][  0]LogD3D11RHI:      Driver Date: 7-12-2016
[2016.11.10-18.23.52:030][  0]LogRHI: Texture pool is 369 MB (70% of 528 MB)
[2016.11.10-18.23.52:035][  0]LogD3D11RHI: Async texture creation disabled: no driver support
[2016.11.10-18.23.52:056][  0]LogD3D11RHI: GPU Timing Frequency: 1000.000000 (Debug: 2 1)
[2016.11.10-18.23.52:057][  0]LogShaderCompilers: Guid format shader working directory is -20 characters bigger than the processId version (../../../../../../Users/admin/Desktop/GameOff2016/IncreaseYourMind/Intermediate/Shaders/WorkingDirectory/4596/).
[2016.11.10-18.23.52:057][  0]LogShaderCompilers: Cleaned the shader compiler working directory 'C:/Users/admin/AppData/Local/Temp/UnrealShaderWorkingDir/427BD5A444A7943A72B689B7F0F075DA/'.
[2016.11.10-18.23.52:057][  0]LogShaderCompilers:Display: Using Local Shader Compiler.
[2016.11.10-18.23.56:659][  0]LogTemp:Display: Loaded TP AllDesktopTargetPlatform
[2016.11.10-18.23.56:670][  0]LogTemp:Display: Loaded TP WindowsClientTargetPlatform
[2016.11.10-18.23.56:682][  0]LogTemp:Display: Loaded TP WindowsNoEditorTargetPlatform
[2016.11.10-18.23.56:694][  0]LogTemp:Display: Loaded TP WindowsServerTargetPlatform
[2016.11.10-18.23.56:705][  0]LogTemp:Display: Loaded TP WindowsTargetPlatform
[2016.11.10-18.23.56:718][  0]LogTemp:Display: Loaded TP AndroidTargetPlatform
[2016.11.10-18.23.56:728][  0]LogTemp:Display: Loaded TP Android_ASTCTargetPlatform
[2016.11.10-18.23.56:738][  0]LogTemp:Display: Loaded TP Android_ATCTargetPlatform
[2016.11.10-18.23.56:747][  0]LogTemp:Display: Loaded TP Android_DXTTargetPlatform
[2016.11.10-18.23.56:756][  0]LogTemp:Display: Loaded TP Android_ETC1TargetPlatform
[2016.11.10-18.23.56:766][  0]LogTemp:Display: Loaded TP Android_ETC2TargetPlatform
[2016.11.10-18.23.56:784][  0]LogTemp:Display: Loaded TP Android_MultiTargetPlatform
[2016.11.10-18.23.56:784][  0]LogTemp:Display: Loaded TP Android_PVRTCTargetPlatform
[2016.11.10-18.23.56:786][  0]LogTemp:Display: Loaded TP HTML5TargetPlatform
[2016.11.10-18.23.56:852][  0]LogTemp:Display: Loaded TP IOSTargetPlatform
[2016.11.10-18.23.56:863][  0]LogTemp:Display: Loaded TP TVOSTargetPlatform
[2016.11.10-18.23.56:873][  0]LogTemp:Display: Loaded TP LinuxNoEditorTargetPlatform
[2016.11.10-18.23.56:882][  0]LogTemp:Display: Loaded TP LinuxServerTargetPlatform
[2016.11.10-18.23.56:897][  0]LogTemp:Display: Loaded TP LinuxTargetPlatform
[2016.11.10-18.23.56:897][  0]LogTargetPlatformManager:Display: Building Assets For Windows
[2016.11.10-18.23.57:511][  0]LogDerivedDataCache:Display: Max Cache Size: 512 MB
[2016.11.10-18.23.57:913][  0]LogDerivedDataCache: Loaded boot cache 0.40s 42MB C:/Users/admin/AppData/Local/UnrealEngine/4.12/DerivedDataCache/Boot.ddc.
[2016.11.10-18.23.57:913][  0]LogDerivedDataCache:Display: Loaded Boot cache: C:/Users/admin/AppData/Local/UnrealEngine/4.12/DerivedDataCache/Boot.ddc
[2016.11.10-18.23.57:913][  0]LogDerivedDataCache: FDerivedDataBackendGraph:  Pak pak cache file ../../../../../../Users/admin/Desktop/GameOff2016/IncreaseYourMind/DerivedDataCache/DDC.ddp not found, will not use a pak cache.
[2016.11.10-18.23.57:913][  0]LogDerivedDataCache: Unable to find inner node Pak for hierarchical cache Hierarchy.
[2016.11.10-18.23.57:913][  0]LogDerivedDataCache: FDerivedDataBackendGraph:  CompressedPak pak cache file ../../../../../../Users/admin/Desktop/GameOff2016/IncreaseYourMind/DerivedDataCache/Compressed.ddp not found, will not use a pak cache.
[2016.11.10-18.23.57:913][  0]LogDerivedDataCache: Unable to find inner node CompressedPak for hierarchical cache Hierarchy.
[2016.11.10-18.23.58:012][  0]LogDerivedDataCache:Display: Pak cache opened for reading ../../../Engine/DerivedDataCache/Compressed.ddp.
[2016.11.10-18.23.58:050][  0]LogDerivedDataCache: Using Local data cache path C:/Users/admin/AppData/Local/UnrealEngine/Common/DerivedDataCache: Writable
[2016.11.10-18.24.09:616][  0]LogInit: Selected Device Profile: [Windows]
[2016.11.10-18.24.09:697][  0]LogContentStreaming: Texture pool size is 0.00 MB
[2016.11.10-18.24.12:187][  0]LogMeshUtilities: No automatic mesh reduction module available
[2016.11.10-18.24.12:187][  0]LogMeshUtilities: No automatic mesh merging module available
[2016.11.10-18.24.12:187][  0]LogMeshUtilities: No distributed automatic mesh merging module available
[2016.11.10-18.24.16:787][  0]LogAssetRegistry: FAssetRegistry took 0.0256 seconds to start up
[2016.11.10-18.24.16:902][  0]LogPackageLocalizationCache: Processed 3 localized package path(s) for 1 prioritized culture(s) in 0.034102 seconds
[2016.11.10-18.24.16:956][  0]LogUObjectArray: 28739 objects as part of root set at end of initial load.
[2016.11.10-18.24.16:956][  0]LogUObjectAllocator: 5855624 out of 0 bytes used by permanent object pool.
[2016.11.10-18.24.16:956][  0]LogUObjectArray: CloseDisregardForGC: 0/0 objects in disregard for GC pool
[2016.11.10-18.24.16:966][  0]LogInit: WinSock: version 1.1 (2.2), MaxSocks=32767, MaxUdp=65467
[2016.11.10-18.24.21:437][  0]LogSlate: SlateFontCache - WITH_FREETYPE: 1, WITH_HARFBUZZ: 1
[2016.11.10-18.24.21:438][  0]LogSlate: SlateFontCache - WITH_FREETYPE: 1, WITH_HARFBUZZ: 1
[2016.11.10-18.24.46:201][  0]LogUdpMessaging: Initializing bridge on interface 0.0.0.0:0 to multicast group 230.0.0.1:6666.
[2016.11.10-18.24.48:517][  0]SourceControl: Info Source control is disabled
[2016.11.10-18.24.48:656][  0]SourceControl: Info Source control is disabled
[2016.11.10-18.24.48:731][  0]SourceControl: Info Source control is disabled
[2016.11.10-18.24.48:763][  0]SourceControl: Info Source control is disabled
[2016.11.10-18.24.50:534][  0]LogEngine: Initializing Engine...
[2016.11.10-18.24.50:675][  0]LogHMD: SteamVR failed to initialize.  Err: 110
[2016.11.10-18.24.50:677][  0]LogHMD: SteamVR failed to initialize.  Err: 110
[2016.11.10-18.24.51:890][  0]LogAIModule: Creating AISystem for world NewWorld
[2016.11.10-18.24.51:991][  0]LogInit: XAudio2 using 'Haut-parleurs (Périphérique High Definition Audio)' : 2 channels at 44.1 kHz using 16 bits per sample (channel mask 0x3)
[2016.11.10-18.24.52:168][  0]LogInit: FAudioDevice initialized.
[2016.11.10-18.24.52:208][  0]LogDerivedDataCache: Saved boot cache 0.04s 42MB C:/Users/admin/AppData/Local/UnrealEngine/4.12/DerivedDataCache/Boot.ddc.
[2016.11.10-18.24.52:216][  0]LogInit: Texture streaming: Enabled
[2016.11.10-18.24.52:912][  0]LogInit: Transaction tracking system initialized
[2016.11.10-18.24.54:443][  0]BlueprintLog: New page: Editor Load
[2016.11.10-18.24.59:541][  0]LocalizationService: Info Localization service is disabled
[2016.11.10-18.25.00:513][  0]LogConsoleResponse:Display: 
[2016.11.10-18.25.04:958][  0]LogCook:Display: Max memory allowance for cook 8192mb
[2016.11.10-18.25.04:958][  0]LogCook:Display: Mobile HDR setting 1
[2016.11.10-18.25.05:768][  0]LogFileCache: Scanning file cache for directory 'C:/Users/admin/Desktop/GameOff2016/IncreaseYourMind/Content/' took 0.02s
[2016.11.10-18.25.08:288][  0]SourceControl: Info Source control is disabled
[2016.11.10-18.25.08:384][  0]Cmd: MAP LOAD FILE="../../../../../../Users/admin/Desktop/GameOff2016/IncreaseYourMind/Content/TopDownBP/Maps/TopDownExampleMap.umap" TEMPLATE=0 SHOWPROGRESS=1 FEATURELEVEL=2
[2016.11.10-18.25.08:403][  0]LogEditorServer:Warning: Can't find file '../../../../../../Users/admin/Desktop/GameOff2016/IncreaseYourMind/Content/TopDownBP/Maps/TopDownExampleMap.umap'
[2016.11.10-18.25.08:404][  0]Cmd: MAP CHECKDEP NOCLEARLOG
[2016.11.10-18.25.08:515][  0]MapCheck: Info Map check complete: 0 Error(s), 0 Warning(s), took 111.553ms to complete.
[2016.11.10-18.25.08:515][  0]LogFileHelpers: Loading map 'TopDownExampleMap' took 0.178
[2016.11.10-18.25.11:412][  0]LogCollectionManager: Loaded 0 collections in 0.019840 seconds
[2016.11.10-18.25.13:010][  0]LogFileCache: Scanning file cache for directory 'C:/Users/admin/Desktop/GameOff2016/IncreaseYourMind/Saved/Collections/' took 0.01s
[2016.11.10-18.25.13:010][  0]LogFileCache: Scanning file cache for directory 'C:/Users/admin/Desktop/GameOff2016/IncreaseYourMind/Content/Developers/admin/Collections/' took 0.01s
[2016.11.10-18.25.13:010][  0]LogFileCache: Scanning file cache for directory 'C:/Users/admin/Desktop/GameOff2016/IncreaseYourMind/Content/Collections/' took 0.01s
[2016.11.10-18.25.13:010][  0]LogCollectionManager: Rebuilt the GUID cache for 0 collections in 0.000004 seconds
[2016.11.10-18.25.13:128][  0]LogContentBrowser: Native class hierarchy populated in 0.1109 seconds. Added 2047 classes and 369 folders.
[2016.11.10-18.25.13:275][  0]LogStats: UGameplayTagsManager::ConstructGameplayTagTree: Construct from data asset -  0.000 s
[2016.11.10-18.25.13:276][  0]LogStats: UGameplayTagsManager::ConstructGameplayTagTree: GameplayTagTreeChangedEvent.Broadcast -  0.000 s
[2016.11.10-18.25.13:277][  0]LogContentBrowser: Native class hierarchy updated for 'GameplayTags' in 0.0006 seconds. Added 12 classes and 0 folders.
[2016.11.10-18.25.13:493][  0]LogContentBrowser: Native class hierarchy updated for 'WidgetCarousel' in 0.0005 seconds. Added 0 classes and 0 folders.
[2016.11.10-18.25.15:932][  0]LogContentBrowser: Native class hierarchy updated for 'AddContentDialog' in 0.0006 seconds. Added 0 classes and 0 folders.
[2016.11.10-18.25.15:996][  0]LogContentBrowser: Native class hierarchy updated for 'SceneOutliner' in 0.0006 seconds. Added 1 classes and 2 folders.
[2016.11.10-18.25.16:337][  0]LogCrashTracker: Crashtracker disabled due to settings.
[2016.11.10-18.25.16:486][  0]LogUObjectGlobals:Warning: Failed to find object 'Class None.'
[2016.11.10-18.25.16:562][  0]LogContentBrowser: Native class hierarchy updated for 'HierarchicalLODOutliner' in 0.0006 seconds. Added 1 classes and 2 folders.
[2016.11.10-18.25.16:562][  0]LogLoad: Full Startup: 91.18 seconds (BP compile: 0.50 seconds)
[2016.11.10-18.25.16:562][  0]LogExternalProfiler: Found external profiler: VSPerf
[2016.11.10-18.25.16:562][  0]LogExternalProfiler: Using external profiler: VSPerf
[2016.11.10-18.25.16:983][  0]LogOcInput: OculusInput pre-init called
[2016.11.10-18.25.17:090][  0]LogContentStreaming: Texture pool size now 1000 MB
[2016.11.10-18.25.17:798][  0]LogRenderer: Reallocating scene render targets to support 1208x480 (Frame:2).
[2016.11.10-18.25.19:763][  3]LogD3D11RHI: Timed out while waiting for GPU to catch up. (0.5 s)
[2016.11.10-18.25.20:774][  6]LogAssetRegistry: Asset discovery search completed in 64.0101 seconds
[2016.11.10-18.25.20:775][  6]LogCollectionManager: Rebuilt the object cache for 0 collections in 0.000001 seconds (found 0 objects)
[2016.11.10-18.25.20:775][  6]LogCollectionManager: Fixed up redirectors for 0 collections in 0.000314 seconds (updated 0 objects)
[2016.11.10-18.25.21:712][ 11]LogD3D11RHI: Timed out while waiting for GPU to catch up. (0.5 s)
[2016.11.10-18.25.31:136][174]LogTexture:Display: Building textures: HQ_Lightmap0_1 (AutoDXT)
[2016.11.10-18.25.31:548][174]LogTexture:Display: Building textures: HQ_Lightmap0_2 (AutoDXT)
[2016.11.10-18.25.31:585][174]LogTexture:Display: Building textures: HQ_Lightmap0_3 (AutoDXT)
[2016.11.10-18.25.31:865][174]LogAIModule: Creating AISystem for world Level1
[2016.11.10-18.25.34:669][174]Cmd: MAP LOAD FILE="../../../../../../Users/admin/Desktop/GameOff2016/IncreaseYourMind/Content/TopDownBP/Maps/Level1.umap" TEMPLATE=0 SHOWPROGRESS=1 FEATURELEVEL=2
[2016.11.10-18.25.34:669][174]LightingResults: New page: Lighting Build
[2016.11.10-18.25.34:689][174]LogContentBrowser: Native class hierarchy updated for 'StatsViewer' in 0.0005 seconds. Added 5 classes and 0 folders.
[2016.11.10-18.25.34:690][174]LoadErrors: New page: Loading map: Level1.umap
[2016.11.10-18.25.34:699][174]MapCheck: New page: Map Check
[2016.11.10-18.25.34:699][174]LightingResults: New page: Lighting Build
[2016.11.10-18.25.34:967][174]LogEditorServer: Finished looking for orphan Actors (0.000 secs)
[2016.11.10-18.25.35:016][174]Cmd: MAP CHECKDEP NOCLEARLOG
[2016.11.10-18.25.35:098][174]MapCheck: Info Map check complete: 0 Error(s), 0 Warning(s), took 81.765ms to complete.
[2016.11.10-18.25.35:098][174]LogFileHelpers: Loading map 'Level1' took 0.444
[2016.11.10-18.25.47:744][630]LogTexture:Display: Building textures: HQ_Lightmap0_1 (AutoDXT)
[2016.11.10-18.25.48:055][630]LogTexture:Display: Building textures: HQ_Lightmap0_3 (AutoDXT)
[2016.11.10-18.25.48:132][630]LogAIModule: Creating AISystem for world LevelSkeleton
[2016.11.10-18.25.48:269][630]Cmd: MAP LOAD FILE="../../../../../../Users/admin/Desktop/GameOff2016/IncreaseYourMind/Content/TopDownBP/Maps/LevelSkeleton.umap" TEMPLATE=0 SHOWPROGRESS=1 FEATURELEVEL=2
[2016.11.10-18.25.48:269][630]LightingResults: New page: Lighting Build
[2016.11.10-18.25.48:270][630]LoadErrors: New page: Loading map: LevelSkeleton.umap
[2016.11.10-18.25.48:272][630]MapCheck: New page: Map Check
[2016.11.10-18.25.48:272][630]LightingResults: New page: Lighting Build
[2016.11.10-18.25.48:372][630]LogEditorServer: Finished looking for orphan Actors (0.000 secs)
[2016.11.10-18.25.48:409][630]Cmd: MAP CHECKDEP NOCLEARLOG
[2016.11.10-18.25.48:482][630]MapCheck: Info Map check complete: 0 Error(s), 0 Warning(s), took 71.982ms to complete.
[2016.11.10-18.25.48:482][630]LogFileHelpers: Loading map 'LevelSkeleton' took 0.214
[2016.11.10-18.25.51:235][632]LogD3D11RHI: Timed out while waiting for GPU to catch up. (500 ms)
[2016.11.10-18.25.51:235][632]LogD3D11RHI: Timed out while waiting for GPU to catch up. (500 ms)
[2016.11.10-18.25.51:466][632]LogD3D11RHI: Timed out while waiting for GPU to catch up. (500 ms)
[2016.11.10-18.25.54:679][633]LogD3D11RHI: Timed out while waiting for GPU to catch up. (0.5 s)
[2016.11.10-18.27.17:010][278]LogAIModule: Creating AISystem for world Level1
[2016.11.10-18.27.19:156][395]Cmd: MAP LOAD FILE="../../../../../../Users/admin/Desktop/GameOff2016/IncreaseYourMind/Content/TopDownBP/Maps/Level1.umap" TEMPLATE=0 SHOWPROGRESS=1 FEATURELEVEL=2
[2016.11.10-18.27.19:158][395]LightingResults: New page: Lighting Build
[2016.11.10-18.27.19:158][395]LoadErrors: New page: Loading map: Level1.umap
[2016.11.10-18.27.19:166][395]MapCheck: New page: Map Check
[2016.11.10-18.27.19:166][395]LightingResults: New page: Lighting Build
[2016.11.10-18.27.19:204][395]LogEditorServer: Finished looking for orphan Actors (0.000 secs)
[2016.11.10-18.27.19:239][395]Cmd: MAP CHECKDEP NOCLEARLOG
[2016.11.10-18.27.19:327][395]MapCheck: Info Map check complete: 0 Error(s), 0 Warning(s), took 87.277ms to complete.
[2016.11.10-18.27.19:365][395]LogFileHelpers: Loading map 'Level1' took 0.211
[2016.11.10-18.27.27:195][669]LogWindowsTextInputMethodSystem:Display: IME system now deactivated.
[2016.11.10-18.27.27:570][670]Cmd: QUIT_EDITOR
[2016.11.10-18.27.27:903][670]LogExit: Preparing to exit.
[2016.11.10-18.27.28:376][670]LogExit: Editor shut down
[2016.11.10-18.27.28:377][670]LogExit: Transaction tracking system shut down
[2016.11.10-18.27.28:751][670]LogObj: Freed 0b from 0 cluster array pools.
[2016.11.10-18.27.28:751][670]LogExit: Object subsystem successfully closed.
[2016.11.10-18.27.28:801][670]LogD3D11RHI: Shutdown
[2016.11.10-18.27.28:802][670]LogD3D11RHI: CleanupD3DDevice
[2016.11.10-18.27.29:860][670]LogD3D11RHI: ~FD3D11DynamicRHI
[2016.11.10-18.27.30:135][670]LogModuleManager: Shutting down and abandoning module StatsViewer (213)
[2016.11.10-18.27.30:139][670]LogModuleManager: Shutting down and abandoning module HierarchicalLODOutliner (212)
[2016.11.10-18.27.30:150][670]LogModuleManager: Shutting down and abandoning module CrashTracker (211)
[2016.11.10-18.27.30:150][670]LogModuleManager: Shutting down and abandoning module SceneOutliner (210)
[2016.11.10-18.27.30:150][670]LogModuleManager: Shutting down and abandoning module WidgetCarousel (209)
[2016.11.10-18.27.30:150][670]LogModuleManager: Shutting down and abandoning module AddContentDialog (208)
[2016.11.10-18.27.30:151][670]LogModuleManager: Shutting down and abandoning module GameplayTags (207)
[2016.11.10-18.27.30:151][670]LogModuleManager: Shutting down and abandoning module EditorWidgets (206)
[2016.11.10-18.27.30:151][670]LogModuleManager: Shutting down and abandoning module CollectionManager (205)
[2016.11.10-18.27.30:152][670]LogModuleManager: Shutting down and abandoning module FoliageEdit (204)
[2016.11.10-18.27.30:152][670]LogModuleManager: Shutting down and abandoning module LandscapeEditor (203)
[2016.11.10-18.27.30:158][670]LogModuleManager: Shutting down and abandoning module SceneDepthPickerMode (202)
[2016.11.10-18.27.30:158][670]LogModuleManager: Shutting down and abandoning module ActorPickerMode (201)
[2016.11.10-18.27.30:158][670]LogModuleManager: Shutting down and abandoning module GeometryMode (200)
[2016.11.10-18.27.30:158][670]LogModuleManager: Shutting down and abandoning module TextureAlignMode (199)
[2016.11.10-18.27.30:158][670]LogModuleManager: Shutting down and abandoning module BspMode (198)
[2016.11.10-18.27.30:159][670]LogModuleManager: Shutting down and abandoning module HardwareSurvey (197)
[2016.11.10-18.27.30:159][670]LogModuleManager: Shutting down and abandoning module SequenceRecorderSections (196)
[2016.11.10-18.27.30:159][670]LogModuleManager: Shutting down and abandoning module SequenceRecorder (195)
[2016.11.10-18.27.30:159][670]LogModuleManager: Shutting down and abandoning module AutomationWorker (194)
[2016.11.10-18.27.30:159][670]LogModuleManager: Shutting down and abandoning module MatineeToLevelSequence (193)
[2016.11.10-18.27.30:159][670]LogModuleManager: Shutting down and abandoning module PlacementMode (192)
[2016.11.10-18.27.30:164][670]LogModuleManager: Shutting down and abandoning module LevelSequenceEditor (191)
[2016.11.10-18.27.30:165][670]LogModuleManager: Shutting down and abandoning module CharacterAI (190)
[2016.11.10-18.27.30:165][670]LogModuleManager: Shutting down and abandoning module SmartSnapping (189)
[2016.11.10-18.27.30:165][670]LogModuleManager: Shutting down and abandoning module SessionServices (188)
[2016.11.10-18.27.30:165][670]LogModuleManager: Shutting down and abandoning module ViewportSnapping (187)
[2016.11.10-18.27.30:165][670]LogModuleManager: Shutting down and abandoning module LogVisualizer (186)
[2016.11.10-18.27.30:173][670]LogModuleManager: Shutting down and abandoning module GameProjectGeneration (185)
[2016.11.10-18.27.30:184][670]LogModuleManager: Shutting down and abandoning module IntroTutorials (184)
[2016.11.10-18.27.30:184][670]LogModuleManager: Shutting down and abandoning module EditorLiveStreaming (183)
[2016.11.10-18.27.30:184][670]LogModuleManager: Shutting down and abandoning module IOSPlatformEditor (182)
[2016.11.10-18.27.30:184][670]LogModuleManager: Shutting down and abandoning module HTML5PlatformEditor (181)
[2016.11.10-18.27.30:184][670]LogModuleManager: Shutting down and abandoning module AndroidDeviceDetection (180)
[2016.11.10-18.27.30:474][670]LogModuleManager: Shutting down and abandoning module AndroidPlatformEditor (179)
[2016.11.10-18.27.30:474][670]LogModuleManager: Shutting down and abandoning module IOSRuntimeSettings (178)
[2016.11.10-18.27.30:474][670]LogModuleManager: Shutting down and abandoning module AndroidRuntimeSettings (177)
[2016.11.10-18.27.30:474][670]LogModuleManager: Shutting down and abandoning module MergeActors (176)
[2016.11.10-18.27.30:492][670]LogModuleManager: Shutting down and abandoning module SizeMap (175)
[2016.11.10-18.27.30:492][670]LogModuleManager: Shutting down and abandoning module TreeMap (174)
[2016.11.10-18.27.30:492][670]LogModuleManager: Shutting down and abandoning module ReferenceViewer (173)
[2016.11.10-18.27.30:492][670]LogModuleManager: Shutting down and abandoning module LocalizationService (172)
[2016.11.10-18.27.30:492][670]LogModuleManager: Shutting down and abandoning module LocalizationDashboard (171)
[2016.11.10-18.27.30:502][670]LogModuleManager: Shutting down and abandoning module HardwareTargeting (170)
[2016.11.10-18.27.30:502][670]LogModuleManager: Shutting down and abandoning module DeviceProfileEditor (169)
[2016.11.10-18.27.30:525][670]LogModuleManager: Shutting down and abandoning module UndoHistory (168)
[2016.11.10-18.27.30:545][670]LogModuleManager: Shutting down and abandoning module UserFeedback (167)
[2016.11.10-18.27.30:545][670]LogModuleManager: Shutting down and abandoning module XmlParser (166)
[2016.11.10-18.27.30:546][670]LogModuleManager: Shutting down and abandoning module Blutility (165)
[2016.11.10-18.27.30:546][670]LogModuleManager: Shutting down and abandoning module ProjectTargetPlatformEditor (164)
[2016.11.10-18.27.30:546][670]LogModuleManager: Shutting down and abandoning module ProjectSettingsViewer (163)
[2016.11.10-18.27.30:546][670]LogModuleManager: Shutting down and abandoning module InputBindingEditor (162)
[2016.11.10-18.27.30:546][670]LogModuleManager: Shutting down and abandoning module EditorSettingsViewer (161)
[2016.11.10-18.27.30:547][670]LogModuleManager: Shutting down and abandoning module SettingsEditor (160)
[2016.11.10-18.27.30:554][670]LogModuleManager: Shutting down and abandoning module ProjectLauncher (159)
[2016.11.10-18.27.30:568][670]LogModuleManager: Shutting down and abandoning module SessionFrontend (158)
[2016.11.10-18.27.30:574][670]LogModuleManager: Shutting down and abandoning module ProfilerClient (157)
[2016.11.10-18.27.30:581][670]LogModuleManager: Shutting down and abandoning module TargetDeviceServices (156)
[2016.11.10-18.27.30:581][670]LogModuleManager: Shutting down and abandoning module DeviceManager (155)
[2016.11.10-18.27.30:642][670]LogModuleManager: Shutting down and abandoning module AutomationController (154)
[2016.11.10-18.27.30:650][670]LogModuleManager: Shutting down and abandoning module AutomationWindow (153)
[2016.11.10-18.27.30:666][670]LogModuleManager: Shutting down and abandoning module Layers (152)
[2016.11.10-18.27.30:687][670]LogModuleManager: Shutting down and abandoning module ComponentVisualizers (151)
[2016.11.10-18.27.30:687][670]LogModuleManager: Shutting down and abandoning module DetailCustomizations (150)
[2016.11.10-18.27.30:687][670]LogModuleManager: Shutting down and abandoning module PackagesDialog (149)
[2016.11.10-18.27.30:687][670]LogModuleManager: Shutting down and abandoning module Persona (148)
[2016.11.10-18.27.30:714][670]LogModuleManager: Shutting down and abandoning module Kismet (147)
[2016.11.10-18.27.30:714][670]LogModuleManager: Shutting down and abandoning module GraphEditor (146)
[2016.11.10-18.27.30:725][670]LogModuleManager: Shutting down and abandoning module ClassViewer (145)
[2016.11.10-18.27.30:725][670]LogModuleManager: Shutting down and abandoning module Toolbox (144)
[2016.11.10-18.27.30:725][670]LogModuleManager: Shutting down and abandoning module ModuleUI (143)
[2016.11.10-18.27.30:737][670]LogModuleManager: Shutting down and abandoning module MovieSceneTools (142)
[2016.11.10-18.27.30:741][670]LogModuleManager: Shutting down and abandoning module OutputLog (141)
[2016.11.10-18.27.30:741][670]LogModuleManager: Shutting down and abandoning module GammaUI (140)
[2016.11.10-18.27.30:753][670]LogModuleManager: Shutting down and abandoning module Documentation (139)
[2016.11.10-18.27.30:753][670]LogModuleManager: Shutting down and abandoning module StreamingPauseRendering (138)
[2016.11.10-18.27.30:753][670]LogModuleManager: Shutting down and abandoning module AnalyticsET (137)
[2016.11.10-18.27.30:753][670]LogModuleManager: Shutting down and abandoning module Analytics (136)
[2016.11.10-18.27.30:753][670]LogModuleManager: Shutting down and abandoning module PortalServices (135)
[2016.11.10-18.27.30:753][670]LogModuleManager: Shutting down and abandoning module PortalRpc (134)
[2016.11.10-18.27.30:753][670]LogModuleManager: Shutting down and abandoning module MessagingRpc (133)
[2016.11.10-18.27.30:753][670]LogModuleManager: Shutting down and abandoning module GameplayDebugger (132)
[2016.11.10-18.27.30:753][670]LogModuleManager: Shutting down and abandoning module AITestSuite (131)
[2016.11.10-18.27.30:754][670]LogModuleManager: Shutting down and abandoning module AIModule (130)
[2016.11.10-18.27.30:754][670]LogModuleManager: Shutting down and abandoning module ProfilerService (129)
[2016.11.10-18.27.30:994][670]LogModuleManager: Shutting down and abandoning module TaskGraph (128)
[2016.11.10-18.27.31:019][670]LogModuleManager: Shutting down and abandoning module SlateRemote (127)
[2016.11.10-18.27.31:019][670]LogModuleManager: Shutting down and abandoning module SteamVRController (126)
[2016.11.10-18.27.31:019][670]LogModuleManager: Shutting down and abandoning module SteamVR (125)
[2016.11.10-18.27.31:019][670]LogModuleManager: Shutting down and abandoning module ProceduralMeshComponent (124)
[2016.11.10-18.27.31:019][670]LogModuleManager: Shutting down and abandoning module OculusLibrary (123)
[2016.11.10-18.27.31:019][670]LogModuleManager: Shutting down and abandoning module OculusInput (122)
[2016.11.10-18.27.31:019][670]LogModuleManager: Shutting down and abandoning module CustomMeshComponent (121)
[2016.11.10-18.27.31:019][670]LogModuleManager: Shutting down and abandoning module CableComponent (120)
[2016.11.10-18.27.31:019][670]LogModuleManager: Shutting down and abandoning module ArchVisCharacter (119)
[2016.11.10-18.27.31:019][670]LogModuleManager: Shutting down and abandoning module MediaPlayerEditor (118)
[2016.11.10-18.27.31:025][670]LogModuleManager: Shutting down and abandoning module HTML5Networking (117)
[2016.11.10-18.27.31:025][670]LogModuleManager: Shutting down and abandoning module SuperSearch (116)
[2016.11.10-18.27.31:025][670]LogModuleManager: Shutting down and abandoning module SuperSearchEditor (115)
[2016.11.10-18.27.31:025][670]LogModuleManager: Shutting down and abandoning module SpeedTreeImporter (114)
[2016.11.10-18.27.31:025][670]LogModuleManager: Shutting down and abandoning module PluginBrowser (113)
[2016.11.10-18.27.31:025][670]LogModuleManager: Shutting down and abandoning module EpicSurvey (112)
[2016.11.10-18.27.31:025][670]LogModuleManager: Shutting down and abandoning module DesktopPlatform (111)
[2016.11.10-18.27.31:025][670]LogModuleManager: Shutting down and abandoning module VisualStudioSourceCodeAccess (110)
[2016.11.10-18.27.31:025][670]LogModuleManager: Shutting down and abandoning module UObjectPlugin (109)
[2016.11.10-18.27.31:026][670]LogModuleManager: Shutting down and abandoning module SubversionSourceControl (108)
[2016.11.10-18.27.31:026][670]LogModuleManager: Shutting down and abandoning module PerforceSourceControl (107)
[2016.11.10-18.27.31:026][670]LogModuleManager: Shutting down and abandoning module SourceControl (106)
[2016.11.10-18.27.31:032][670]LogModuleManager: Shutting down and abandoning module GitSourceControl (105)
[2016.11.10-18.27.31:032][670]LogModuleManager: Shutting down and abandoning module LightPropagationVolumeEditor (104)
[2016.11.10-18.27.31:032][670]LogModuleManager: Shutting down and abandoning module PaperTiledImporter (103)
[2016.11.10-18.27.31:032][670]LogModuleManager: Shutting down and abandoning module PaperSpriteSheetImporter (102)
[2016.11.10-18.27.31:032][670]LogModuleManager: Shutting down and abandoning module MeshPaint (101)
[2016.11.10-18.27.31:032][670]LogModuleManager: Shutting down and abandoning module PixelInspectorModule (100)
[2016.11.10-18.27.31:032][670]LogModuleManager: Shutting down and abandoning module HotReload (99)
[2016.11.10-18.27.31:034][670]LogModuleManager: Shutting down and abandoning module MainFrame (98)
[2016.11.10-18.27.31:034][670]LogModuleManager: Shutting down and abandoning module LevelEditor (97)
[2016.11.10-18.27.31:034][670]LogModuleManager: Shutting down and abandoning module ContentBrowser (96)
[2016.11.10-18.27.31:035][670]LogModuleManager: Shutting down and abandoning module Paper2DEditor (95)
[2016.11.10-18.27.31:047][670]LogModuleManager: Shutting down and abandoning module UdpMessaging (94)
[2016.11.10-18.27.31:236][670]LogModuleManager: Shutting down and abandoning module LightPropagationVolumeRuntime (93)
[2016.11.10-18.27.31:236][670]LogModuleManager: Shutting down and abandoning module Paper2D (92)
[2016.11.10-18.27.31:463][670]LogModuleManager: Shutting down and abandoning module WindowsMoviePlayer (91)
[2016.11.10-18.27.31:464][670]LogModuleManager: Shutting down and abandoning module Media (90)
[2016.11.10-18.27.31:464][670]LogModuleManager: Shutting down and abandoning module WmfMedia (89)
[2016.11.10-18.27.31:627][670]LogModuleManager: Shutting down and abandoning module MediaAssets (88)
[2016.11.10-18.27.31:627][670]LogModuleManager: Shutting down and abandoning module GameLiveStreaming (87)
[2016.11.10-18.27.31:627][670]LogModuleManager: Shutting down and abandoning module GameplayTagsEditor (86)
[2016.11.10-18.27.31:627][670]LogModuleManager: Shutting down and abandoning module OnlineBlueprintSupport (85)
[2016.11.10-18.27.31:627][670]LogModuleManager: Shutting down and abandoning module VREditor (84)
[2016.11.10-18.27.31:627][670]LogModuleManager: Shutting down and abandoning module GameplayTasksEditor (83)
[2016.11.10-18.27.31:627][670]LogModuleManager: Shutting down and abandoning module PropertyEditor (82)
[2016.11.10-18.27.31:627][670]LogModuleManager: Shutting down and abandoning module BehaviorTreeEditor (81)
[2016.11.10-18.27.31:642][670]LogModuleManager: Shutting down and abandoning module FunctionalTesting (80)
[2016.11.10-18.27.31:642][670]LogModuleManager: Shutting down and abandoning module CollisionAnalyzer (79)
[2016.11.10-18.27.31:663][670]LogModuleManager: Shutting down and abandoning module Sequencer (78)
[2016.11.10-18.27.31:689][670]LogModuleManager: Shutting down and abandoning module WorkspaceMenuStructure (77)
[2016.11.10-18.27.31:689][670]LogModuleManager: Shutting down and abandoning module MessageLog (76)
[2016.11.10-18.27.31:689][670]LogModuleManager: Shutting down and abandoning module AssetTools (75)
[2016.11.10-18.27.31:760][670]LogModuleManager: Shutting down and abandoning module UMGEditor (74)
[2016.11.10-18.27.31:795][670]LogModuleManager: Shutting down and abandoning module UMG (73)
[2016.11.10-18.27.31:797][670]LogModuleManager: Shutting down and abandoning module SlateReflector (72)
[2016.11.10-18.27.31:799][670]LogModuleManager: Shutting down and abandoning module Slate (71)
[2016.11.10-18.27.31:799][670]LogModuleManager: Shutting down and abandoning module EditorStyle (70)
[2016.11.10-18.27.31:802][670]LogModuleManager: Shutting down and abandoning module SourceCodeAccess (69)
[2016.11.10-18.27.31:802][670]LogModuleManager: Shutting down and abandoning module HeadMountedDisplay (68)
[2016.11.10-18.27.31:802][670]LogModuleManager: Shutting down and abandoning module XAudio2 (67)
[2016.11.10-18.27.31:802][670]LogModuleManager: Shutting down and abandoning module Networking (65)
[2016.11.10-18.27.31:802][670]LogModuleManager: Shutting down and abandoning module Core (64)
[2016.11.10-18.27.31:802][670]LogModuleManager: Shutting down and abandoning module DirectoryWatcher (63)
[2016.11.10-18.27.31:808][670]LogModuleManager: Shutting down and abandoning module AssetRegistry (62)
[2016.11.10-18.27.31:999][670]LogModuleManager: Shutting down and abandoning module KismetCompiler (61)
[2016.11.10-18.27.31:999][670]LogModuleManager: Shutting down and abandoning module PhysXFormats (60)
[2016.11.10-18.27.31:999][670]LogModuleManager: Shutting down and abandoning module MeshUtilities (59)
[2016.11.10-18.27.32:013][670]LogModuleManager: Shutting down and abandoning module DerivedDataCache (58)
[2016.11.10-18.27.32:102][670]LogDerivedDataCache: Shutdown
[2016.11.10-18.27.32:103][670]LogModuleManager: Shutting down and abandoning module VulkanShaderFormat (57)
[2016.11.10-18.27.32:103][670]LogModuleManager: Shutting down and abandoning module ShaderFormatOpenGL (56)
[2016.11.10-18.27.32:140][670]LogModuleManager: Shutting down and abandoning module ShaderFormatD3D (55)
[2016.11.10-18.27.32:140][670]LogModuleManager: Shutting down and abandoning module MetalShaderFormat (54)
[2016.11.10-18.27.32:150][670]LogModuleManager: Shutting down and abandoning module TextureFormatUncompressed (53)
[2016.11.10-18.27.32:150][670]LogModuleManager: Shutting down and abandoning module TextureFormatPVR (52)
[2016.11.10-18.27.32:150][670]LogModuleManager: Shutting down and abandoning module TextureFormatIntelISPCTexComp (51)
[2016.11.10-18.27.32:152][670]LogModuleManager: Shutting down and abandoning module TextureFormatDXT (50)
[2016.11.10-18.27.32:152][670]LogModuleManager: Shutting down and abandoning module ImageWrapper (49)
[2016.11.10-18.27.32:152][670]LogModuleManager: Shutting down and abandoning module TextureFormatASTC (48)
[2016.11.10-18.27.32:152][670]LogModuleManager: Shutting down and abandoning module TextureFormatAndroid (47)
[2016.11.10-18.27.32:153][670]LogModuleManager: Shutting down and abandoning module AudioFormatOpus (46)
[2016.11.10-18.27.32:156][670]LogModuleManager: Shutting down and abandoning module AudioFormatOgg (45)
[2016.11.10-18.27.32:160][670]LogModuleManager: Shutting down and abandoning module AudioFormatADPCM (44)
[2016.11.10-18.27.32:160][670]LogModuleManager: Shutting down and abandoning module LinuxTargetPlatform (43)
[2016.11.10-18.27.32:160][670]LogModuleManager: Shutting down and abandoning module LinuxServerTargetPlatform (42)
[2016.11.10-18.27.32:161][670]LogModuleManager: Shutting down and abandoning module LinuxNoEditorTargetPlatform (41)
[2016.11.10-18.27.32:161][670]LogModuleManager: Shutting down and abandoning module TVOSTargetPlatform (40)
[2016.11.10-18.27.32:161][670]LogModuleManager: Shutting down and abandoning module Messaging (39)
[2016.11.10-18.27.32:161][670]LogModuleManager: Shutting down and abandoning module IOSTargetPlatform (38)
[2016.11.10-18.27.32:162][670]LogModuleManager: Shutting down and abandoning module HTML5TargetPlatform (37)
[2016.11.10-18.27.32:163][670]LogModuleManager: Shutting down and abandoning module Android_PVRTCTargetPlatform (36)
[2016.11.10-18.27.32:163][670]LogModuleManager: Shutting down and abandoning module Android_MultiTargetPlatform (35)
[2016.11.10-18.27.32:163][670]LogModuleManager: Shutting down and abandoning module Android_ETC2TargetPlatform (34)
[2016.11.10-18.27.32:163][670]LogModuleManager: Shutting down and abandoning module Android_ETC1TargetPlatform (33)
[2016.11.10-18.27.32:163][670]LogModuleManager: Shutting down and abandoning module Android_DXTTargetPlatform (32)
[2016.11.10-18.27.32:163][670]LogModuleManager: Shutting down and abandoning module Android_ATCTargetPlatform (31)
[2016.11.10-18.27.32:164][670]LogModuleManager: Shutting down and abandoning module Android_ASTCTargetPlatform (30)
[2016.11.10-18.27.32:164][670]LogModuleManager: Shutting down and abandoning module AndroidTargetPlatform (29)
[2016.11.10-18.27.32:164][670]LogModuleManager: Shutting down and abandoning module WindowsTargetPlatform (28)
[2016.11.10-18.27.32:166][670]LogModuleManager: Shutting down and abandoning module WindowsServerTargetPlatform (27)
[2016.11.10-18.27.32:166][670]LogModuleManager: Shutting down and abandoning module WindowsNoEditorTargetPlatform (26)
[2016.11.10-18.27.32:166][670]LogModuleManager: Shutting down and abandoning module WindowsClientTargetPlatform (25)
[2016.11.10-18.27.32:166][670]LogModuleManager: Shutting down and abandoning module AllDesktopTargetPlatform (24)
[2016.11.10-18.27.32:166][670]LogModuleManager: Shutting down and abandoning module TargetPlatform (23)
[2016.11.10-18.27.32:166][670]LogModuleManager: Shutting down and abandoning module InputCore (22)
[2016.11.10-18.27.32:166][670]LogModuleManager: Shutting down and abandoning module Settings (21)
[2016.11.10-18.27.32:166][670]LogModuleManager: Shutting down and abandoning module OnlineSubsystem (19)
[2016.11.10-18.27.32:166][670]LogModuleManager: Shutting down and abandoning module HTTP (18)
[2016.11.10-18.27.33:669][670]LogModuleManager: Shutting down and abandoning module XMPP (17)
[2016.11.10-18.27.33:671][670]LogModuleManager: Shutting down and abandoning module OculusRift (16)
[2016.11.10-18.27.33:699][670]LogModuleManager: Shutting down and abandoning module ExampleDeviceProfileSelector (15)
[2016.11.10-18.27.33:699][670]LogModuleManager: Shutting down and abandoning module TextureCompressor (14)
[2016.11.10-18.27.33:699][670]LogModuleManager: Shutting down and abandoning module ShaderCore (13)
[2016.11.10-18.27.33:699][670]LogModuleManager: Shutting down and abandoning module Landscape (12)
[2016.11.10-18.27.33:699][670]LogModuleManager: Shutting down and abandoning module SlateRHIRenderer (11)
[2016.11.10-18.27.33:700][670]LogModuleManager: Shutting down and abandoning module OpenGLDrv (10)
[2016.11.10-18.27.33:710][670]LogModuleManager: Shutting down and abandoning module D3D11RHI (9)
[2016.11.10-18.27.33:710][670]LogModuleManager: Shutting down and abandoning module AnimGraphRuntime (8)
[2016.11.10-18.27.33:710][670]LogModuleManager: Shutting down and abandoning module Renderer (7)
[2016.11.10-18.27.33:710][670]LogModuleManager: Shutting down and abandoning module Engine (6)
[2016.11.10-18.27.33:710][670]LogModuleManager: Shutting down and abandoning module CoreUObject (5)
[2016.11.10-18.27.33:710][670]LogModuleManager: Shutting down and abandoning module NetworkFile (4)
[2016.11.10-18.27.33:710][670]LogModuleManager: Shutting down and abandoning module StreamingFile (3)
[2016.11.10-18.27.33:710][670]LogModuleManager: Shutting down and abandoning module SandboxFile (2)
[2016.11.10-18.27.33:710][670]LogModuleManager: Shutting down and abandoning module PakFile (1)
[2016.11.10-18.27.33:713][670]LogExit: Exiting.
[2016.11.10-18.27.33:714][670]Log file closed, 11/10/16 19:27:33
