Log file open, 11/06/16 16:50:38
LogInit:Display: Running engine for game: IncreaseYourMind
LogPlatformFile: Not using cached read wrapper
LogInit:Display: RandInit(-1197539014) SRandInit(-1197539010).
LogTaskGraph: Started task graph with 4 named threads and 5 total threads with 1 sets of task threads.
LogStats: Stats thread started at 0.545429
LogInit: Version: 4.12.5-3039270+++UE4+Release-4.12
LogInit: API Version: 2992821
LogInit: Net Version: 3039270
LogDevObjectVersion: Number of dev versions registered: 13
LogDevObjectVersion:   Dev-Blueprints (B0D832E4-1F89-4F0D-ACCF-7EB736FD4AA2): 3
LogDevObjectVersion:   Dev-Build (E1C64328-A22C-4D53-A36C-8E866417BD8C): 0
LogDevObjectVersion:   Dev-Core (375EC13C-06E4-48FB-B500-84F0262A717E): 1
LogDevObjectVersion:   Dev-Editor (E4B068ED-F494-42E9-A231-DA0B2E46BB41): 2
LogDevObjectVersion:   Dev-Framework (CFFC743F-43B0-4480-9391-14DF171D2073): 6
LogDevObjectVersion:   Dev-Mobile (B02B49B5-BB20-44E9-A304-32B752E40360): 0
LogDevObjectVersion:   Dev-Networking (A4E4105C-59A1-49B5-A7C5-40C4547EDFEE): 0
LogDevObjectVersion:   Dev-Online (39C831C9-5AE6-47DC-9A44-9C173E1C8E7C): 0
LogDevObjectVersion:   Dev-Physics (78F01B33-EBEA-4F98-B9B4-84EACCB95AA2): 0
LogDevObjectVersion:   Dev-Platform (6631380F-2D4D-43E0-8009-CF276956A95A): 0
LogDevObjectVersion:   Dev-Rendering (12F88B9F-8875-4AFC-A67C-D90C383ABD29): 2
LogDevObjectVersion:   Dev-Sequencer (7B5AE74C-D270-4C10-A958-57980B212A5A): 0
LogDevObjectVersion:   Dev-VR (D7296918-1DD6-4BDD-9DE2-64A83CC13884): 0
LogInit: Compiled (64-bit): Jul  6 2016 09:09:46
LogInit: Compiled with Visual C++: 19.00.23026.00
LogInit: Build Configuration: Development
LogInit: Branch Name: ++UE4+Release-4.12
LogInit: Command line:  
LogInit: Base directory: C:/Program Files (x86)/Epic Games/4.12/Engine/Binaries/Win64/
LogInit: Installed Engine Build: 1
LogInit: Using libcurl 7.41.0
LogInit:  - built for x86_64-pc-win32
LogInit:  - supports SSL with WinSSL
LogInit:  - other features:
LogInit:      CURL_VERSION_SSL
LogInit:      CURL_VERSION_IPV6
LogInit:      CURL_VERSION_ASYNCHDNS
LogInit:      CURL_VERSION_LARGEFILE
LogInit:      CURL_VERSION_IDN
LogInit:  CurlRequestOptions (configurable via config and command line):
LogInit:  - bVerifyPeer = true  - Libcurl will verify peer certificate
LogInit:  - bUseHttpProxy = false  - Libcurl will NOT use HTTP proxy
LogInit:  - bDontReuseConnections = false  - Libcurl will reuse connections
LogInit:  - CertBundlePath = nullptr  - Libcurl will use whatever was configured at build time.
LogInit: Presizing for max 8388607 objects, including 0 objects not considered by GC, pre-allocating 0 bytes for permanent pool.
LogInit: Object subsystem initialized
[2016.11.06-15.50.39:115][  0]LogInit: Selected Device Profile: [Windows]
[2016.11.06-15.50.39:115][  0]LogInit: Applying CVar settings loaded from the selected device profile: [Windows]
[2016.11.06-15.50.39:314][  0]LogInit: Computer: VM-WIN10X64-DEV
[2016.11.06-15.50.39:314][  0]LogInit: User: admin
[2016.11.06-15.50.39:314][  0]LogInit: CPU Page size=65536, Cores=2
[2016.11.06-15.50.39:314][  0]LogInit: High frequency timer resolution =3.808473 MHz
[2016.11.06-15.50.39:314][  0]LogMemory: Memory total: Physical=8.0GB (8GB approx)
[2016.11.06-15.50.39:314][  0]LogMemory: Platform Memory Stats for Windows
[2016.11.06-15.50.39:314][  0]LogMemory: Process Physical Memory: 191.79 MB used, 191.79 MB peak
[2016.11.06-15.50.39:314][  0]LogMemory: Process Virtual Memory: 194.85 MB used, 194.85 MB peak
[2016.11.06-15.50.39:314][  0]LogMemory: Physical Memory: 1494.85 MB used, 8191.49 MB total
[2016.11.06-15.50.39:314][  0]LogMemory: Virtual Memory: 552.75 MB used, 134217728.00 MB total
[2016.11.06-15.50.40:483][  0]LogTextLocalizationManager: No translations for ('fr-CH') exist, falling back to 'en' for localization and internationalization data.
[2016.11.06-15.50.41:450][  0]LogD3D11RHI: D3D11 adapters:
[2016.11.06-15.50.41:601][  0]LogD3D11RHI:    0. 'VMware SVGA 3D' (Feature Level 10_0)
[2016.11.06-15.50.41:601][  0]LogD3D11RHI:       4/0/1056 MB DedicatedVideo/DedicatedSystem/SharedSystem, Outputs:1, VendorId:0x15ad
[2016.11.06-15.50.41:603][  0]LogD3D11RHI:    1. 'Microsoft Basic Render Driver' (Feature Level 11_0)
[2016.11.06-15.50.41:604][  0]LogD3D11RHI:       0/0/4095 MB DedicatedVideo/DedicatedSystem/SharedSystem, Outputs:0, VendorId:0x1414
[2016.11.06-15.50.41:604][  0]LogD3D11RHI: Chosen D3D11 Adapter: 0
[2016.11.06-15.50.41:608][  0]LogD3D11RHI: Creating new Direct3DDevice
[2016.11.06-15.50.41:608][  0]LogD3D11RHI:     GPU DeviceId: 0x405 (for the marketing name, search the web for "GPU Device Id")
[2016.11.06-15.50.41:609][  0]LogWindows: EnumDisplayDevices:
[2016.11.06-15.50.41:609][  0]LogWindows:    0. 'VMware SVGA 3D' (P:1 D:1)
[2016.11.06-15.50.41:609][  0]LogWindows:    1. 'VMware SVGA 3D' (P:0 D:0)
[2016.11.06-15.50.41:609][  0]LogWindows: DebugString: GetVideoDriverDetailsInvalid GetVideoDriverDetailsInvalid FoundDriverCount:2 
[2016.11.06-15.50.41:609][  0]LogD3D11RHI:     Adapter Name: VMware SVGA 3D
[2016.11.06-15.50.41:609][  0]LogD3D11RHI:   Driver Version: 8.15.1.48 (internal:8.15.1.48, unified:8.15.1.48)
[2016.11.06-15.50.41:609][  0]LogD3D11RHI:      Driver Date: 7-12-2016
[2016.11.06-15.50.41:609][  0]LogRHI: Texture pool is 369 MB (70% of 528 MB)
[2016.11.06-15.50.41:626][  0]LogD3D11RHI: Async texture creation disabled: no driver support
[2016.11.06-15.50.41:712][  0]LogD3D11RHI: GPU Timing Frequency: 1000.000000 (Debug: 2 1)
[2016.11.06-15.50.41:715][  0]LogShaderCompilers: Guid format shader working directory is -20 characters bigger than the processId version (../../../../../../Users/admin/Desktop/GameOff2016/IncreaseYourMind/Intermediate/Shaders/WorkingDirectory/5456/).
[2016.11.06-15.50.41:715][  0]LogShaderCompilers: Cleaned the shader compiler working directory 'C:/Users/admin/AppData/Local/Temp/UnrealShaderWorkingDir/7807EE814B698B6E10DA0F989B762E10/'.
[2016.11.06-15.50.41:715][  0]LogShaderCompilers:Display: Using Local Shader Compiler.
[2016.11.06-15.50.51:329][  0]LogTemp:Display: Loaded TP AllDesktopTargetPlatform
[2016.11.06-15.50.51:340][  0]LogTemp:Display: Loaded TP WindowsClientTargetPlatform
[2016.11.06-15.50.51:351][  0]LogTemp:Display: Loaded TP WindowsNoEditorTargetPlatform
[2016.11.06-15.50.51:362][  0]LogTemp:Display: Loaded TP WindowsServerTargetPlatform
[2016.11.06-15.50.51:373][  0]LogTemp:Display: Loaded TP WindowsTargetPlatform
[2016.11.06-15.50.51:386][  0]LogTemp:Display: Loaded TP AndroidTargetPlatform
[2016.11.06-15.50.51:396][  0]LogTemp:Display: Loaded TP Android_ASTCTargetPlatform
[2016.11.06-15.50.51:406][  0]LogTemp:Display: Loaded TP Android_ATCTargetPlatform
[2016.11.06-15.50.51:417][  0]LogTemp:Display: Loaded TP Android_DXTTargetPlatform
[2016.11.06-15.50.51:425][  0]LogTemp:Display: Loaded TP Android_ETC1TargetPlatform
[2016.11.06-15.50.51:435][  0]LogTemp:Display: Loaded TP Android_ETC2TargetPlatform
[2016.11.06-15.50.51:454][  0]LogTemp:Display: Loaded TP Android_MultiTargetPlatform
[2016.11.06-15.50.51:454][  0]LogTemp:Display: Loaded TP Android_PVRTCTargetPlatform
[2016.11.06-15.50.51:456][  0]LogTemp:Display: Loaded TP HTML5TargetPlatform
[2016.11.06-15.50.51:527][  0]LogTemp:Display: Loaded TP IOSTargetPlatform
[2016.11.06-15.50.51:541][  0]LogTemp:Display: Loaded TP TVOSTargetPlatform
[2016.11.06-15.50.51:553][  0]LogTemp:Display: Loaded TP LinuxNoEditorTargetPlatform
[2016.11.06-15.50.51:563][  0]LogTemp:Display: Loaded TP LinuxServerTargetPlatform
[2016.11.06-15.50.51:600][  0]LogTemp:Display: Loaded TP LinuxTargetPlatform
[2016.11.06-15.50.51:600][  0]LogTargetPlatformManager:Display: Building Assets For Windows
[2016.11.06-15.50.52:361][  0]LogDerivedDataCache:Display: Max Cache Size: 512 MB
[2016.11.06-15.50.52:361][  0]LogDerivedDataCache:Display: Starting with empty Boot cache
[2016.11.06-15.50.52:361][  0]LogDerivedDataCache: FDerivedDataBackendGraph:  Pak pak cache file ../../../../../../Users/admin/Desktop/GameOff2016/IncreaseYourMind/DerivedDataCache/DDC.ddp not found, will not use a pak cache.
[2016.11.06-15.50.52:361][  0]LogDerivedDataCache: Unable to find inner node Pak for hierarchical cache Hierarchy.
[2016.11.06-15.50.52:361][  0]LogDerivedDataCache: FDerivedDataBackendGraph:  CompressedPak pak cache file ../../../../../../Users/admin/Desktop/GameOff2016/IncreaseYourMind/DerivedDataCache/Compressed.ddp not found, will not use a pak cache.
[2016.11.06-15.50.52:361][  0]LogDerivedDataCache: Unable to find inner node CompressedPak for hierarchical cache Hierarchy.
[2016.11.06-15.50.52:424][  0]LogDerivedDataCache:Display: Pak cache opened for reading ../../../Engine/DerivedDataCache/Compressed.ddp.
[2016.11.06-15.50.52:456][  0]LogDerivedDataCache: Using Local data cache path C:/Users/admin/AppData/Local/UnrealEngine/Common/DerivedDataCache: Writable
[2016.11.06-15.50.57:456][  0]LogInit: Selected Device Profile: [Windows]
[2016.11.06-15.50.57:539][  0]LogContentStreaming: Texture pool size is 0.00 MB
[2016.11.06-15.50.58:774][  0]LogMeshUtilities: No automatic mesh reduction module available
[2016.11.06-15.50.58:774][  0]LogMeshUtilities: No automatic mesh merging module available
[2016.11.06-15.50.58:774][  0]LogMeshUtilities: No distributed automatic mesh merging module available
[2016.11.06-15.51.02:819][  0]LogAssetRegistry: FAssetRegistry took 0.0241 seconds to start up
[2016.11.06-15.51.02:872][  0]LogPackageLocalizationCache: Processed 3 localized package path(s) for 1 prioritized culture(s) in 0.033883 seconds
[2016.11.06-15.51.02:879][  0]LogUObjectArray: 28739 objects as part of root set at end of initial load.
[2016.11.06-15.51.02:880][  0]LogUObjectAllocator: 5855632 out of 0 bytes used by permanent object pool.
[2016.11.06-15.51.02:880][  0]LogUObjectArray: CloseDisregardForGC: 0/0 objects in disregard for GC pool
[2016.11.06-15.51.02:908][  0]LogInit: WinSock: version 1.1 (2.2), MaxSocks=32767, MaxUdp=65467
[2016.11.06-15.51.06:732][  0]LogSlate: SlateFontCache - WITH_FREETYPE: 1, WITH_HARFBUZZ: 1
[2016.11.06-15.51.06:732][  0]LogSlate: SlateFontCache - WITH_FREETYPE: 1, WITH_HARFBUZZ: 1
[2016.11.06-15.51.47:468][  0]LogUdpMessaging: Initializing bridge on interface 0.0.0.0:0 to multicast group 230.0.0.1:6666.
[2016.11.06-15.51.48:482][  0]SourceControl: Info Source control is disabled
[2016.11.06-15.51.48:596][  0]SourceControl: Info Source control is disabled
[2016.11.06-15.51.48:616][  0]SourceControl: Info Source control is disabled
[2016.11.06-15.51.48:629][  0]SourceControl: Info Source control is disabled
[2016.11.06-15.51.49:259][  0]LogEngine: Initializing Engine...
[2016.11.06-15.51.49:335][  0]LogHMD: SteamVR failed to initialize.  Err: 110
[2016.11.06-15.51.49:336][  0]LogHMD: SteamVR failed to initialize.  Err: 110
[2016.11.06-15.51.49:995][  0]LogAIModule: Creating AISystem for world NewWorld
[2016.11.06-15.51.50:055][  0]LogInit: XAudio2 using 'Haut-parleurs (Périphérique High Definition Audio)' : 2 channels at 44.1 kHz using 16 bits per sample (channel mask 0x3)
[2016.11.06-15.51.50:187][  0]LogInit: FAudioDevice initialized.
[2016.11.06-15.51.50:233][  0]LogDerivedDataCache: Saved boot cache 0.05s 42MB C:/Users/admin/AppData/Local/UnrealEngine/4.12/DerivedDataCache/Boot.ddc.
[2016.11.06-15.51.50:266][  0]LogInit: Texture streaming: Enabled
[2016.11.06-15.51.50:323][  0]LogWindowsTextInputMethodSystem:Display: IME system now deactivated.
[2016.11.06-15.51.50:484][  0]LogInit: Transaction tracking system initialized
[2016.11.06-15.51.50:596][  0]BlueprintLog: New page: Editor Load
[2016.11.06-15.51.52:045][  0]LocalizationService: Info Localization service is disabled
[2016.11.06-15.51.52:412][  0]LogConsoleResponse:Display: 
[2016.11.06-15.51.53:054][  0]LogCook:Display: Max memory allowance for cook 8192mb
[2016.11.06-15.51.53:054][  0]LogCook:Display: Mobile HDR setting 1
[2016.11.06-15.51.53:317][  0]LogFileCache: Scanning file cache for directory 'C:/Users/admin/Desktop/GameOff2016/IncreaseYourMind/Content/' took 0.01s
[2016.11.06-15.51.53:522][  0]LogTexture:Display: Building textures: RecordingIndicator (AutoDXT)
[2016.11.06-15.51.53:944][  0]SourceControl: Info Source control is disabled
[2016.11.06-15.51.53:947][  0]Cmd: MAP LOAD FILE="../../../../../../Users/admin/Desktop/GameOff2016/IncreaseYourMind/Content/TopDownBP/Maps/TopDownExampleMap.umap" TEMPLATE=0 SHOWPROGRESS=1 FEATURELEVEL=2
[2016.11.06-15.51.53:947][  0]LightingResults: New page: Lighting Build
[2016.11.06-15.51.53:980][  0]MapCheck: New page: Map Check
[2016.11.06-15.51.53:980][  0]LightingResults: New page: Lighting Build
[2016.11.06-15.51.54:343][  0]LogBlueprint:Warning: Compiler Warning InputAction Event references unknown Action 'Fire' for  InputAction Fire 
[2016.11.06-15.51.54:344][  0]LogBlueprint:Warning: Compiler Warning InputAction Event references unknown Action 'Jump' for  InputAction Jump 
[2016.11.06-15.51.54:349][  0]LogBlueprint:Warning: Compiler Warning [0080.65] Compile of TopDownCharacter successful, but with 2 Warning(s) [in 13 ms] (/Game/TopDownBP/Blueprints/TopDownCharacter.TopDownCharacter)
[2016.11.06-15.51.54:349][  0]LogBlueprint:Warning: Compiler Warning [0080.65] Compile of TopDownCharacter successful, but with 3 Warning(s) [in 0 ms] (/Game/TopDownBP/Blueprints/TopDownCharacter.TopDownCharacter)
[2016.11.06-15.51.54:349][  0]LogBlueprint:Warning: Compiler Warning [0080.65] Compile of TopDownCharacter successful, but with 4 Warning(s) [in 0 ms] (/Game/TopDownBP/Blueprints/TopDownCharacter.TopDownCharacter)
[2016.11.06-15.51.54:361][  0]LogBlueprint:Warning: Compiler Warning InputAction Event references unknown Action 'Fire' for  InputAction Fire 
[2016.11.06-15.51.54:361][  0]LogBlueprint:Warning: Compiler Warning InputAction Event references unknown Action 'Jump' for  InputAction Jump 
[2016.11.06-15.51.54:366][  0]LogBlueprint:Warning: Compiler Warning [0080.67] Compile of TopDownCharacter successful, but with 2 Warning(s) [in 12 ms] (/Game/TopDownBP/Blueprints/TopDownCharacter.TopDownCharacter)
[2016.11.06-15.51.54:367][  0]LogBlueprint:Warning: Compiler Warning [0080.67] Compile of TopDownCharacter successful, but with 3 Warning(s) [in 0 ms] (/Game/TopDownBP/Blueprints/TopDownCharacter.TopDownCharacter)
[2016.11.06-15.51.54:367][  0]LogBlueprint:Warning: Compiler Warning [0080.67] Compile of TopDownCharacter successful, but with 4 Warning(s) [in 0 ms] (/Game/TopDownBP/Blueprints/TopDownCharacter.TopDownCharacter)
[2016.11.06-15.51.54:790][  0]LogTexture:Display: Building textures: T_ML_Rubber_Blue_01_D (AutoDXT)
[2016.11.06-15.51.55:089][  0]LogTexture:Display: Building textures: T_ML_Rubber_Blue_01_N (BC5)
[2016.11.06-15.51.55:164][  0]LogTexture:Display: Building textures: T_ML_Aluminum01 (AutoDXT)
[2016.11.06-15.51.55:478][  0]LogTexture:Display: Building textures: T_ML_Aluminum01_N (BC5)
[2016.11.06-15.51.55:571][  0]LogTexture:Display: Building textures: UE4_Mannequin_MAT_MASKA (AutoDXT)
[2016.11.06-15.51.55:893][  0]LogTexture:Display: Building textures: UE4_Mannequin__normals (BC5)
[2016.11.06-15.51.56:736][  0]LogTexture:Display: Building textures: UE4_LOGO_CARD (AutoDXT)
[2016.11.06-15.51.56:879][  0]LogTexture:Display: Building textures: UE4Man_Logo_N (BC5)
[2016.11.06-15.51.57:021][  0]LogTexture:Display: Building textures: HQ_Lightmap0_6 (AutoDXT)
[2016.11.06-15.51.57:032][  0]LogTexture:Display: Building textures: HQ_Lightmap1_1 (AutoDXT)
[2016.11.06-15.51.57:393][  0]LogTexture:Display: Building textures: HQ_Lightmap1_2 (AutoDXT)
[2016.11.06-15.51.57:517][  0]LogTexture:Display: Building textures: HQ_Lightmap1_3 (AutoDXT)
[2016.11.06-15.51.57:715][  0]LogTexture:Display: Building textures: HQ_Lightmap1_4 (AutoDXT)
[2016.11.06-15.51.57:801][  0]LogTexture:Display: Building textures: HQ_Lightmap1_5 (AutoDXT)
[2016.11.06-15.51.57:980][  0]LogTexture:Display: Building textures: LQ_Lightmap_0_6 (DXT1)
[2016.11.06-15.51.58:029][  0]LogTexture:Display: Building textures: LQ_Lightmap_1_1 (DXT1)
[2016.11.06-15.51.58:194][  0]LogTexture:Display: Building textures: LQ_Lightmap_1_2 (DXT1)
[2016.11.06-15.51.58:230][  0]LogTexture:Display: Building textures: LQ_Lightmap_1_3 (DXT1)
[2016.11.06-15.51.58:297][  0]LogTexture:Display: Building textures: LQ_Lightmap_1_4 (DXT1)
[2016.11.06-15.51.58:322][  0]LogTexture:Display: Building textures: LQ_Lightmap_1_5 (DXT1)
[2016.11.06-15.51.58:392][  0]LogTexture:Display: Building textures: SkyOcclusion1_1 (AutoDXT)
[2016.11.06-15.51.58:503][  0]LogTexture:Display: Building textures: SkyOcclusion1_2 (AutoDXT)
[2016.11.06-15.51.58:536][  0]LogTexture:Display: Building textures: SkyOcclusion1_3 (AutoDXT)
[2016.11.06-15.51.58:626][  0]LogTexture:Display: Building textures: SkyOcclusion1_4 (AutoDXT)
[2016.11.06-15.51.58:656][  0]LogTexture:Display: Building textures: SkyOcclusion1_5 (AutoDXT)
[2016.11.06-15.51.58:727][  0]LogTexture:Display: Building textures: SkyOcclusion1_6 (AutoDXT)
[2016.11.06-15.51.58:729][  0]LogTexture:Display: Building textures: ShadowMapTexture2D_10 (G8)
[2016.11.06-15.51.58:735][  0]LogTexture:Display: Building textures: ShadowMapTexture2D_11 (G8)
[2016.11.06-15.51.58:739][  0]LogTexture:Display: Building textures: ShadowMapTexture2D_12 (G8)
[2016.11.06-15.51.58:743][  0]LogTexture:Display: Building textures: ShadowMapTexture2D_7 (G8)
[2016.11.06-15.51.58:766][  0]LogTexture:Display: Building textures: ShadowMapTexture2D_8 (G8)
[2016.11.06-15.51.58:771][  0]LogTexture:Display: Building textures: ShadowMapTexture2D_9 (G8)
[2016.11.06-15.51.58:814][  0]LogAIModule: Creating AISystem for world TopDownExampleMap
[2016.11.06-15.51.59:193][  0]LogEditorServer: Finished looking for orphan Actors (0.000 secs)
[2016.11.06-15.51.59:197][  0]Cmd: MAP CHECKDEP NOCLEARLOG
[2016.11.06-15.51.59:280][  0]MapCheck: Info Map check complete: 0 Error(s), 0 Warning(s), took 82.951ms to complete.
[2016.11.06-15.51.59:280][  0]LogFileHelpers: Loading map 'TopDownExampleMap' took 5.335
[2016.11.06-15.51.59:944][  0]LogCollectionManager: Loaded 0 collections in 0.003780 seconds
[2016.11.06-15.52.00:006][  0]LogFileCache: Scanning file cache for directory 'C:/Users/admin/Desktop/GameOff2016/IncreaseYourMind/Saved/Collections/' took 0.01s
[2016.11.06-15.52.00:006][  0]LogFileCache: Scanning file cache for directory 'C:/Users/admin/Desktop/GameOff2016/IncreaseYourMind/Content/Developers/admin/Collections/' took 0.01s
[2016.11.06-15.52.00:006][  0]LogFileCache: Scanning file cache for directory 'C:/Users/admin/Desktop/GameOff2016/IncreaseYourMind/Content/Collections/' took 0.01s
[2016.11.06-15.52.00:006][  0]LogCollectionManager: Rebuilt the GUID cache for 0 collections in 0.000020 seconds
[2016.11.06-15.52.00:023][  0]LogContentBrowser: Native class hierarchy populated in 0.0141 seconds. Added 2047 classes and 369 folders.
[2016.11.06-15.52.00:040][  0]LogStats: UGameplayTagsManager::ConstructGameplayTagTree: Construct from data asset -  0.000 s
[2016.11.06-15.52.00:040][  0]LogStats: UGameplayTagsManager::ConstructGameplayTagTree: GameplayTagTreeChangedEvent.Broadcast -  0.000 s
[2016.11.06-15.52.00:040][  0]LogContentBrowser: Native class hierarchy updated for 'GameplayTags' in 0.0007 seconds. Added 12 classes and 0 folders.
[2016.11.06-15.52.00:053][  0]LogContentBrowser: Native class hierarchy updated for 'WidgetCarousel' in 0.0004 seconds. Added 0 classes and 0 folders.
[2016.11.06-15.52.01:220][  0]LogContentBrowser: Native class hierarchy updated for 'AddContentDialog' in 0.0005 seconds. Added 0 classes and 0 folders.
[2016.11.06-15.52.01:232][  0]LogContentBrowser: Native class hierarchy updated for 'SceneOutliner' in 0.0004 seconds. Added 1 classes and 2 folders.
[2016.11.06-15.52.01:292][  0]LogCrashTracker: Crashtracker disabled due to settings.
[2016.11.06-15.52.01:362][  0]LogTexture:Display: Building textures: Blueprint_64x (BGRA8)
[2016.11.06-15.52.01:365][  0]LogTexture:Display: Building textures: icon_Editor_Preferences_General_40x (BGRA8)
[2016.11.06-15.52.01:367][  0]LogTexture:Display: Building textures: Paper2DSprite_TutorialIcon (BGRA8)
[2016.11.06-15.52.01:371][  0]LogTexture:Display: Building textures: icon_ShowSkeletalMeshes_40x (BGRA8)
[2016.11.06-15.52.01:373][  0]LogTexture:Display: Building textures: Landscape (BGRA8)
[2016.11.06-15.52.01:375][  0]LogTexture:Display: Building textures: Foliage (BGRA8)
[2016.11.06-15.52.01:811][  0]LogContentBrowser: Native class hierarchy updated for 'HierarchicalLODOutliner' in 0.0006 seconds. Added 1 classes and 2 folders.
[2016.11.06-15.52.01:811][  0]LogLoad: Full Startup: 88.12 seconds (BP compile: 0.37 seconds)
[2016.11.06-15.52.01:811][  0]LogExternalProfiler: Found external profiler: VSPerf
[2016.11.06-15.52.01:811][  0]LogExternalProfiler: Using external profiler: VSPerf
[2016.11.06-15.52.01:826][  0]LogOcInput: OculusInput pre-init called
[2016.11.06-15.52.01:865][  0]LogContentStreaming: Texture pool size now 1000 MB
[2016.11.06-15.52.01:941][  0]LogTexture:Display: Building textures: icon_tab_Levels_40x (BGRA8)
[2016.11.06-15.52.02:124][  0]LogTexture:Display: Building textures: LevelGrid1DStripes (BGRA8)
[2016.11.06-15.52.02:264][  0]LogRenderer: Reallocating scene render targets to support 1208x500 (Frame:2).
[2016.11.06-15.52.04:014][  2]LogAssetRegistry: Asset discovery search completed in 61.2185 seconds
[2016.11.06-15.52.04:015][  2]LogCollectionManager: Rebuilt the object cache for 0 collections in 0.000002 seconds (found 0 objects)
[2016.11.06-15.52.04:015][  2]LogCollectionManager: Fixed up redirectors for 0 collections in 0.000430 seconds (updated 0 objects)
[2016.11.06-15.52.05:284][  3]LogD3D11RHI: Timed out while waiting for GPU to catch up. (500 ms)
[2016.11.06-15.52.44:924][778]LogTexture:Display: Building textures: CameraActor_64x (BGRA8)
[2016.11.06-15.52.44:933][778]LogTexture:Display: Building textures: BlueprintInterface_64x (BGRA8)
[2016.11.06-15.52.44:937][778]LogTexture:Display: Building textures: BlueprintMacroLibrary_64x (BGRA8)
[2016.11.06-15.52.45:152][778]LogTexture:Display: Building textures: IOS (BGRA8)
[2016.11.06-15.52.45:160][778]LogTexture:Display: Building textures: android_Icon (BGRA8)
[2016.11.06-15.52.45:165][778]LogTexture:Display: Building textures: Paper2DFlipbook_TutorialIcon (BGRA8)
[2016.11.06-15.53.00:057][341]LogD3D11RHI: Timed out while waiting for GPU to catch up. (0.5 s)
[2016.11.06-15.53.01:871][392]LogEditorViewport: Clicking on Actor (LMB): StaticMeshActor (Floor)
[2016.11.06-15.53.04:570][398]LogEditorViewport: Clicking on Actor (LMB): StaticMeshActor (Floor)
[2016.11.06-15.53.23:456][140]LogBlueprintUserMessages: Early PlayInEditor Detection: Level '/Game/TopDownBP/Maps/TopDownExampleMap.TopDownExampleMap:PersistentLevel' has LevelScriptBlueprint '/Game/TopDownBP/Maps/TopDownExampleMap.TopDownExampleMap:PersistentLevel.TopDownExampleMap' with GeneratedClass '/Game/TopDownBP/Maps/TopDownExampleMap.TopDownExampleMap_C' with ClassGeneratedBy '/Game/TopDownBP/Maps/TopDownExampleMap.TopDownExampleMap:PersistentLevel.TopDownExampleMap'
[2016.11.06-15.53.23:456][140]LogPlayLevel: PlayLevel: No blueprints needed recompiling
[2016.11.06-15.53.23:529][140]PIE: New page: PIE session: TopDownExampleMap (Nov 6, 2016, 5:53:23 PM)
[2016.11.06-15.53.23:530][140]LogPlayLevel: Creating play world package: /Game/TopDownBP/Maps/UEDPIE_0_TopDownExampleMap
[2016.11.06-15.53.23:596][140]LogPlayLevel: PIE: StaticDuplicateObject took: (0.066008s)
[2016.11.06-15.53.23:603][140]LogAIModule: Creating AISystem for world TopDownExampleMap
[2016.11.06-15.53.23:603][140]LogPlayLevel: PIE: World Init took: (0.007408s)
[2016.11.06-15.53.23:604][140]LogPlayLevel: PIE: Created PIE world by copying editor world from /Game/TopDownBP/Maps/TopDownExampleMap.TopDownExampleMap to /Game/TopDownBP/Maps/UEDPIE_0_TopDownExampleMap.TopDownExampleMap (0.074734s)
[2016.11.06-15.53.23:701][140]LogInit: XAudio2 using 'Haut-parleurs (Périphérique High Definition Audio)' : 2 channels at 44.1 kHz using 16 bits per sample (channel mask 0x3)
[2016.11.06-15.53.23:715][140]LogInit: FAudioDevice initialized.
[2016.11.06-15.53.23:813][140]LogWorld: Game class is 'TopDownGameMode_C'
[2016.11.06-15.53.23:869][140]LogWorld: Bringing World /Game/TopDownBP/Maps/UEDPIE_0_TopDownExampleMap.TopDownExampleMap up for play (max tick rate 0) at 2016.11.06-16.53.23
[2016.11.06-15.53.23:871][140]LogWorld: Bringing up level for play took: 0.010961
[2016.11.06-15.53.23:889][140]LogContentBrowser: Native class hierarchy updated for 'MovieSceneCapture' in 0.0005 seconds. Added 11 classes and 0 folders.
[2016.11.06-15.53.23:892][140]PIE: Info Play in editor start time for /Game/TopDownBP/Maps/UEDPIE_0_TopDownExampleMap 0.981
[2016.11.06-15.53.23:892][140]LogBlueprintUserMessages: Late PlayInEditor Detection: Level '/Game/TopDownBP/Maps/TopDownExampleMap.TopDownExampleMap:PersistentLevel' has LevelScriptBlueprint '/Game/TopDownBP/Maps/TopDownExampleMap.TopDownExampleMap:PersistentLevel.TopDownExampleMap' with GeneratedClass '/Game/TopDownBP/Maps/TopDownExampleMap.TopDownExampleMap_C' with ClassGeneratedBy '/Game/TopDownBP/Maps/TopDownExampleMap.TopDownExampleMap:PersistentLevel.TopDownExampleMap'
[2016.11.06-15.54.42:704][873]LogBlueprintUserMessages: Early EndPlayMap Detection: Level '/Game/TopDownBP/Maps/TopDownExampleMap.TopDownExampleMap:PersistentLevel' has LevelScriptBlueprint '/Game/TopDownBP/Maps/TopDownExampleMap.TopDownExampleMap:PersistentLevel.TopDownExampleMap' with GeneratedClass '/Game/TopDownBP/Maps/TopDownExampleMap.TopDownExampleMap_C' with ClassGeneratedBy '/Game/TopDownBP/Maps/TopDownExampleMap.TopDownExampleMap:PersistentLevel.TopDownExampleMap'
[2016.11.06-15.54.42:774][873]LogBlueprintUserMessages: Late EndPlayMap Detection: Level '/Game/TopDownBP/Maps/TopDownExampleMap.TopDownExampleMap:PersistentLevel' has LevelScriptBlueprint '/Game/TopDownBP/Maps/TopDownExampleMap.TopDownExampleMap:PersistentLevel.TopDownExampleMap' with GeneratedClass '/Game/TopDownBP/Maps/TopDownExampleMap.TopDownExampleMap_C' with ClassGeneratedBy '/Game/TopDownBP/Maps/TopDownExampleMap.TopDownExampleMap:PersistentLevel.TopDownExampleMap'
[2016.11.06-15.54.46:459][983]LogEditorViewport: Clicking on Actor (LMB): StaticMeshActor (Cube)
[2016.11.06-15.54.55:810][345]Cmd: DELETE
[2016.11.06-15.54.55:810][345]Cmd: ACTOR DELETE
[2016.11.06-15.54.55:827][345]LogEditorActor: Deleted Actor: StaticMeshActor
[2016.11.06-15.54.55:848][345]LogEditorActor: Deleted 1 Actors (0.025 secs)
[2016.11.06-15.55.49:447][764]Cmd: QUIT_EDITOR
[2016.11.06-15.55.50:049][764]LogWindowsTextInputMethodSystem:Display: IME system now deactivated.
[2016.11.06-15.55.50:104][764]LogExit: Preparing to exit.
[2016.11.06-15.55.51:214][764]LogExit: Editor shut down
[2016.11.06-15.55.51:215][764]LogExit: Transaction tracking system shut down
[2016.11.06-15.55.51:414][764]LogObj: Freed 0b from 0 cluster array pools.
[2016.11.06-15.55.51:415][764]LogExit: Object subsystem successfully closed.
[2016.11.06-15.55.51:429][764]LogD3D11RHI: Shutdown
[2016.11.06-15.55.51:429][764]LogD3D11RHI: CleanupD3DDevice
[2016.11.06-15.55.52:055][764]LogD3D11RHI: ~FD3D11DynamicRHI
[2016.11.06-15.55.52:100][764]LogModuleManager: Shutting down and abandoning module MovieSceneCapture (214)
[2016.11.06-15.55.52:100][764]LogModuleManager: Shutting down and abandoning module HierarchicalLODOutliner (213)
[2016.11.06-15.55.52:101][764]LogModuleManager: Shutting down and abandoning module CrashTracker (212)
[2016.11.06-15.55.52:101][764]LogModuleManager: Shutting down and abandoning module SceneOutliner (211)
[2016.11.06-15.55.52:101][764]LogModuleManager: Shutting down and abandoning module WidgetCarousel (210)
[2016.11.06-15.55.52:101][764]LogModuleManager: Shutting down and abandoning module AddContentDialog (209)
[2016.11.06-15.55.52:103][764]LogModuleManager: Shutting down and abandoning module GameplayTags (208)
[2016.11.06-15.55.52:103][764]LogModuleManager: Shutting down and abandoning module EditorWidgets (207)
[2016.11.06-15.55.52:103][764]LogModuleManager: Shutting down and abandoning module CollectionManager (206)
[2016.11.06-15.55.52:103][764]LogModuleManager: Shutting down and abandoning module StatsViewer (205)
[2016.11.06-15.55.52:113][764]LogModuleManager: Shutting down and abandoning module FoliageEdit (204)
[2016.11.06-15.55.52:113][764]LogModuleManager: Shutting down and abandoning module LandscapeEditor (203)
[2016.11.06-15.55.52:113][764]LogModuleManager: Shutting down and abandoning module SceneDepthPickerMode (202)
[2016.11.06-15.55.52:113][764]LogModuleManager: Shutting down and abandoning module ActorPickerMode (201)
[2016.11.06-15.55.52:113][764]LogModuleManager: Shutting down and abandoning module GeometryMode (200)
[2016.11.06-15.55.52:113][764]LogModuleManager: Shutting down and abandoning module TextureAlignMode (199)
[2016.11.06-15.55.52:113][764]LogModuleManager: Shutting down and abandoning module BspMode (198)
[2016.11.06-15.55.52:113][764]LogModuleManager: Shutting down and abandoning module HardwareSurvey (197)
[2016.11.06-15.55.52:113][764]LogModuleManager: Shutting down and abandoning module SequenceRecorderSections (196)
[2016.11.06-15.55.52:113][764]LogModuleManager: Shutting down and abandoning module SequenceRecorder (195)
[2016.11.06-15.55.52:114][764]LogModuleManager: Shutting down and abandoning module AutomationWorker (194)
[2016.11.06-15.55.52:114][764]LogModuleManager: Shutting down and abandoning module MatineeToLevelSequence (193)
[2016.11.06-15.55.52:114][764]LogModuleManager: Shutting down and abandoning module PlacementMode (192)
[2016.11.06-15.55.52:114][764]LogModuleManager: Shutting down and abandoning module LevelSequenceEditor (191)
[2016.11.06-15.55.52:114][764]LogModuleManager: Shutting down and abandoning module CharacterAI (190)
[2016.11.06-15.55.52:115][764]LogModuleManager: Shutting down and abandoning module SmartSnapping (189)
[2016.11.06-15.55.52:115][764]LogModuleManager: Shutting down and abandoning module SessionServices (188)
[2016.11.06-15.55.52:115][764]LogModuleManager: Shutting down and abandoning module ViewportSnapping (187)
[2016.11.06-15.55.52:115][764]LogModuleManager: Shutting down and abandoning module LogVisualizer (186)
[2016.11.06-15.55.52:115][764]LogModuleManager: Shutting down and abandoning module GameProjectGeneration (185)
[2016.11.06-15.55.52:116][764]LogModuleManager: Shutting down and abandoning module IntroTutorials (184)
[2016.11.06-15.55.52:116][764]LogModuleManager: Shutting down and abandoning module EditorLiveStreaming (183)
[2016.11.06-15.55.52:116][764]LogModuleManager: Shutting down and abandoning module IOSPlatformEditor (182)
[2016.11.06-15.55.52:116][764]LogModuleManager: Shutting down and abandoning module HTML5PlatformEditor (181)
[2016.11.06-15.55.52:116][764]LogModuleManager: Shutting down and abandoning module AndroidDeviceDetection (180)
[2016.11.06-15.55.52:436][764]LogModuleManager: Shutting down and abandoning module AndroidPlatformEditor (179)
[2016.11.06-15.55.52:436][764]LogModuleManager: Shutting down and abandoning module IOSRuntimeSettings (178)
[2016.11.06-15.55.52:436][764]LogModuleManager: Shutting down and abandoning module AndroidRuntimeSettings (177)
[2016.11.06-15.55.52:436][764]LogModuleManager: Shutting down and abandoning module MergeActors (176)
[2016.11.06-15.55.52:438][764]LogModuleManager: Shutting down and abandoning module SizeMap (175)
[2016.11.06-15.55.52:438][764]LogModuleManager: Shutting down and abandoning module TreeMap (174)
[2016.11.06-15.55.52:438][764]LogModuleManager: Shutting down and abandoning module ReferenceViewer (173)
[2016.11.06-15.55.52:438][764]LogModuleManager: Shutting down and abandoning module LocalizationService (172)
[2016.11.06-15.55.52:438][764]LogModuleManager: Shutting down and abandoning module LocalizationDashboard (171)
[2016.11.06-15.55.52:438][764]LogModuleManager: Shutting down and abandoning module HardwareTargeting (170)
[2016.11.06-15.55.52:438][764]LogModuleManager: Shutting down and abandoning module DeviceProfileEditor (169)
[2016.11.06-15.55.52:438][764]LogModuleManager: Shutting down and abandoning module UndoHistory (168)
[2016.11.06-15.55.52:444][764]LogModuleManager: Shutting down and abandoning module UserFeedback (167)
[2016.11.06-15.55.52:444][764]LogModuleManager: Shutting down and abandoning module XmlParser (166)
[2016.11.06-15.55.52:444][764]LogModuleManager: Shutting down and abandoning module Blutility (165)
[2016.11.06-15.55.52:444][764]LogModuleManager: Shutting down and abandoning module ProjectTargetPlatformEditor (164)
[2016.11.06-15.55.52:444][764]LogModuleManager: Shutting down and abandoning module ProjectSettingsViewer (163)
[2016.11.06-15.55.52:444][764]LogModuleManager: Shutting down and abandoning module InputBindingEditor (162)
[2016.11.06-15.55.52:445][764]LogModuleManager: Shutting down and abandoning module EditorSettingsViewer (161)
[2016.11.06-15.55.52:445][764]LogModuleManager: Shutting down and abandoning module SettingsEditor (160)
[2016.11.06-15.55.52:445][764]LogModuleManager: Shutting down and abandoning module ProjectLauncher (159)
[2016.11.06-15.55.52:448][764]LogModuleManager: Shutting down and abandoning module SessionFrontend (158)
[2016.11.06-15.55.52:448][764]LogModuleManager: Shutting down and abandoning module ProfilerClient (157)
[2016.11.06-15.55.52:449][764]LogModuleManager: Shutting down and abandoning module TargetDeviceServices (156)
[2016.11.06-15.55.52:449][764]LogModuleManager: Shutting down and abandoning module DeviceManager (155)
[2016.11.06-15.55.52:492][764]LogModuleManager: Shutting down and abandoning module AutomationController (154)
[2016.11.06-15.55.52:492][764]LogModuleManager: Shutting down and abandoning module AutomationWindow (153)
[2016.11.06-15.55.52:493][764]LogModuleManager: Shutting down and abandoning module Layers (152)
[2016.11.06-15.55.52:493][764]LogModuleManager: Shutting down and abandoning module ComponentVisualizers (151)
[2016.11.06-15.55.52:494][764]LogModuleManager: Shutting down and abandoning module DetailCustomizations (150)
[2016.11.06-15.55.52:494][764]LogModuleManager: Shutting down and abandoning module PackagesDialog (149)
[2016.11.06-15.55.52:494][764]LogModuleManager: Shutting down and abandoning module Persona (148)
[2016.11.06-15.55.52:496][764]LogModuleManager: Shutting down and abandoning module Kismet (147)
[2016.11.06-15.55.52:496][764]LogModuleManager: Shutting down and abandoning module GraphEditor (146)
[2016.11.06-15.55.52:496][764]LogModuleManager: Shutting down and abandoning module ClassViewer (145)
[2016.11.06-15.55.52:496][764]LogModuleManager: Shutting down and abandoning module Toolbox (144)
[2016.11.06-15.55.52:496][764]LogModuleManager: Shutting down and abandoning module ModuleUI (143)
[2016.11.06-15.55.52:497][764]LogModuleManager: Shutting down and abandoning module MovieSceneTools (142)
[2016.11.06-15.55.52:497][764]LogModuleManager: Shutting down and abandoning module OutputLog (141)
[2016.11.06-15.55.52:497][764]LogModuleManager: Shutting down and abandoning module GammaUI (140)
[2016.11.06-15.55.52:498][764]LogModuleManager: Shutting down and abandoning module Documentation (139)
[2016.11.06-15.55.52:498][764]LogModuleManager: Shutting down and abandoning module StreamingPauseRendering (138)
[2016.11.06-15.55.52:498][764]LogModuleManager: Shutting down and abandoning module AnalyticsET (137)
[2016.11.06-15.55.52:498][764]LogModuleManager: Shutting down and abandoning module Analytics (136)
[2016.11.06-15.55.52:498][764]LogModuleManager: Shutting down and abandoning module PortalServices (135)
[2016.11.06-15.55.52:498][764]LogModuleManager: Shutting down and abandoning module PortalRpc (134)
[2016.11.06-15.55.52:498][764]LogModuleManager: Shutting down and abandoning module MessagingRpc (133)
[2016.11.06-15.55.52:498][764]LogModuleManager: Shutting down and abandoning module GameplayDebugger (132)
[2016.11.06-15.55.52:498][764]LogModuleManager: Shutting down and abandoning module AITestSuite (131)
[2016.11.06-15.55.52:498][764]LogModuleManager: Shutting down and abandoning module AIModule (130)
[2016.11.06-15.55.52:498][764]LogModuleManager: Shutting down and abandoning module ProfilerService (129)
[2016.11.06-15.55.52:525][764]LogModuleManager: Shutting down and abandoning module TaskGraph (128)
[2016.11.06-15.55.52:526][764]LogModuleManager: Shutting down and abandoning module SlateRemote (127)
[2016.11.06-15.55.52:526][764]LogModuleManager: Shutting down and abandoning module SteamVRController (126)
[2016.11.06-15.55.52:526][764]LogModuleManager: Shutting down and abandoning module SteamVR (125)
[2016.11.06-15.55.52:526][764]LogModuleManager: Shutting down and abandoning module ProceduralMeshComponent (124)
[2016.11.06-15.55.52:526][764]LogModuleManager: Shutting down and abandoning module OculusLibrary (123)
[2016.11.06-15.55.52:526][764]LogModuleManager: Shutting down and abandoning module OculusInput (122)
[2016.11.06-15.55.52:526][764]LogModuleManager: Shutting down and abandoning module CustomMeshComponent (121)
[2016.11.06-15.55.52:526][764]LogModuleManager: Shutting down and abandoning module CableComponent (120)
[2016.11.06-15.55.52:526][764]LogModuleManager: Shutting down and abandoning module ArchVisCharacter (119)
[2016.11.06-15.55.52:526][764]LogModuleManager: Shutting down and abandoning module MediaPlayerEditor (118)
[2016.11.06-15.55.52:527][764]LogModuleManager: Shutting down and abandoning module HTML5Networking (117)
[2016.11.06-15.55.52:527][764]LogModuleManager: Shutting down and abandoning module SuperSearch (116)
[2016.11.06-15.55.52:527][764]LogModuleManager: Shutting down and abandoning module SuperSearchEditor (115)
[2016.11.06-15.55.52:527][764]LogModuleManager: Shutting down and abandoning module SpeedTreeImporter (114)
[2016.11.06-15.55.52:527][764]LogModuleManager: Shutting down and abandoning module PluginBrowser (113)
[2016.11.06-15.55.52:527][764]LogModuleManager: Shutting down and abandoning module EpicSurvey (112)
[2016.11.06-15.55.52:527][764]LogModuleManager: Shutting down and abandoning module DesktopPlatform (111)
[2016.11.06-15.55.52:527][764]LogModuleManager: Shutting down and abandoning module VisualStudioSourceCodeAccess (110)
[2016.11.06-15.55.52:527][764]LogModuleManager: Shutting down and abandoning module UObjectPlugin (109)
[2016.11.06-15.55.52:527][764]LogModuleManager: Shutting down and abandoning module SubversionSourceControl (108)
[2016.11.06-15.55.52:527][764]LogModuleManager: Shutting down and abandoning module PerforceSourceControl (107)
[2016.11.06-15.55.52:527][764]LogModuleManager: Shutting down and abandoning module SourceControl (106)
[2016.11.06-15.55.52:527][764]LogModuleManager: Shutting down and abandoning module GitSourceControl (105)
[2016.11.06-15.55.52:527][764]LogModuleManager: Shutting down and abandoning module LightPropagationVolumeEditor (104)
[2016.11.06-15.55.52:527][764]LogModuleManager: Shutting down and abandoning module PaperTiledImporter (103)
[2016.11.06-15.55.52:527][764]LogModuleManager: Shutting down and abandoning module PaperSpriteSheetImporter (102)
[2016.11.06-15.55.52:527][764]LogModuleManager: Shutting down and abandoning module MeshPaint (101)
[2016.11.06-15.55.52:527][764]LogModuleManager: Shutting down and abandoning module PixelInspectorModule (100)
[2016.11.06-15.55.52:528][764]LogModuleManager: Shutting down and abandoning module HotReload (99)
[2016.11.06-15.55.52:528][764]LogModuleManager: Shutting down and abandoning module MainFrame (98)
[2016.11.06-15.55.52:528][764]LogModuleManager: Shutting down and abandoning module LevelEditor (97)
[2016.11.06-15.55.52:529][764]LogModuleManager: Shutting down and abandoning module ContentBrowser (96)
[2016.11.06-15.55.52:530][764]LogModuleManager: Shutting down and abandoning module Paper2DEditor (95)
[2016.11.06-15.55.52:530][764]LogModuleManager: Shutting down and abandoning module UdpMessaging (94)
[2016.11.06-15.55.52:631][764]LogModuleManager: Shutting down and abandoning module LightPropagationVolumeRuntime (93)
[2016.11.06-15.55.52:631][764]LogModuleManager: Shutting down and abandoning module Paper2D (92)
[2016.11.06-15.55.52:631][764]LogModuleManager: Shutting down and abandoning module WindowsMoviePlayer (91)
[2016.11.06-15.55.52:631][764]LogModuleManager: Shutting down and abandoning module Media (90)
[2016.11.06-15.55.52:631][764]LogModuleManager: Shutting down and abandoning module WmfMedia (89)
[2016.11.06-15.55.52:632][764]LogModuleManager: Shutting down and abandoning module MediaAssets (88)
[2016.11.06-15.55.52:632][764]LogModuleManager: Shutting down and abandoning module GameLiveStreaming (87)
[2016.11.06-15.55.52:632][764]LogModuleManager: Shutting down and abandoning module GameplayTagsEditor (86)
[2016.11.06-15.55.52:632][764]LogModuleManager: Shutting down and abandoning module OnlineBlueprintSupport (85)
[2016.11.06-15.55.52:632][764]LogModuleManager: Shutting down and abandoning module VREditor (84)
[2016.11.06-15.55.52:633][764]LogModuleManager: Shutting down and abandoning module GameplayTasksEditor (83)
[2016.11.06-15.55.52:633][764]LogModuleManager: Shutting down and abandoning module PropertyEditor (82)
[2016.11.06-15.55.52:633][764]LogModuleManager: Shutting down and abandoning module BehaviorTreeEditor (81)
[2016.11.06-15.55.52:633][764]LogModuleManager: Shutting down and abandoning module FunctionalTesting (80)
[2016.11.06-15.55.52:633][764]LogModuleManager: Shutting down and abandoning module CollisionAnalyzer (79)
[2016.11.06-15.55.52:634][764]LogModuleManager: Shutting down and abandoning module Sequencer (78)
[2016.11.06-15.55.52:635][764]LogModuleManager: Shutting down and abandoning module WorkspaceMenuStructure (77)
[2016.11.06-15.55.52:635][764]LogModuleManager: Shutting down and abandoning module MessageLog (76)
[2016.11.06-15.55.52:635][764]LogModuleManager: Shutting down and abandoning module AssetTools (75)
[2016.11.06-15.55.52:636][764]LogModuleManager: Shutting down and abandoning module UMGEditor (74)
[2016.11.06-15.55.52:636][764]LogModuleManager: Shutting down and abandoning module UMG (73)
[2016.11.06-15.55.52:637][764]LogModuleManager: Shutting down and abandoning module SlateReflector (72)
[2016.11.06-15.55.52:637][764]LogModuleManager: Shutting down and abandoning module Slate (71)
[2016.11.06-15.55.52:637][764]LogModuleManager: Shutting down and abandoning module EditorStyle (70)
[2016.11.06-15.55.52:640][764]LogModuleManager: Shutting down and abandoning module SourceCodeAccess (69)
[2016.11.06-15.55.52:640][764]LogModuleManager: Shutting down and abandoning module HeadMountedDisplay (68)
[2016.11.06-15.55.52:640][764]LogModuleManager: Shutting down and abandoning module XAudio2 (67)
[2016.11.06-15.55.52:640][764]LogModuleManager: Shutting down and abandoning module Networking (65)
[2016.11.06-15.55.52:640][764]LogModuleManager: Shutting down and abandoning module Core (64)
[2016.11.06-15.55.52:640][764]LogModuleManager: Shutting down and abandoning module DirectoryWatcher (63)
[2016.11.06-15.55.52:641][764]LogModuleManager: Shutting down and abandoning module AssetRegistry (62)
[2016.11.06-15.55.52:888][764]LogModuleManager: Shutting down and abandoning module KismetCompiler (61)
[2016.11.06-15.55.52:888][764]LogModuleManager: Shutting down and abandoning module PhysXFormats (60)
[2016.11.06-15.55.52:888][764]LogModuleManager: Shutting down and abandoning module MeshUtilities (59)
[2016.11.06-15.55.52:888][764]LogModuleManager: Shutting down and abandoning module DerivedDataCache (58)
[2016.11.06-15.55.52:933][764]LogDerivedDataCache: Shutdown
[2016.11.06-15.55.52:934][764]LogModuleManager: Shutting down and abandoning module VulkanShaderFormat (57)
[2016.11.06-15.55.52:934][764]LogModuleManager: Shutting down and abandoning module ShaderFormatOpenGL (56)
[2016.11.06-15.55.52:934][764]LogModuleManager: Shutting down and abandoning module ShaderFormatD3D (55)
[2016.11.06-15.55.52:934][764]LogModuleManager: Shutting down and abandoning module MetalShaderFormat (54)
[2016.11.06-15.55.52:935][764]LogModuleManager: Shutting down and abandoning module TextureFormatUncompressed (53)
[2016.11.06-15.55.52:935][764]LogModuleManager: Shutting down and abandoning module TextureFormatPVR (52)
[2016.11.06-15.55.52:935][764]LogModuleManager: Shutting down and abandoning module TextureFormatIntelISPCTexComp (51)
[2016.11.06-15.55.52:935][764]LogModuleManager: Shutting down and abandoning module TextureFormatDXT (50)
[2016.11.06-15.55.52:935][764]LogModuleManager: Shutting down and abandoning module ImageWrapper (49)
[2016.11.06-15.55.52:935][764]LogModuleManager: Shutting down and abandoning module TextureFormatASTC (48)
[2016.11.06-15.55.52:935][764]LogModuleManager: Shutting down and abandoning module TextureFormatAndroid (47)
[2016.11.06-15.55.52:935][764]LogModuleManager: Shutting down and abandoning module AudioFormatOpus (46)
[2016.11.06-15.55.52:935][764]LogModuleManager: Shutting down and abandoning module AudioFormatOgg (45)
[2016.11.06-15.55.52:935][764]LogModuleManager: Shutting down and abandoning module AudioFormatADPCM (44)
[2016.11.06-15.55.52:935][764]LogModuleManager: Shutting down and abandoning module LinuxTargetPlatform (43)
[2016.11.06-15.55.52:935][764]LogModuleManager: Shutting down and abandoning module LinuxServerTargetPlatform (42)
[2016.11.06-15.55.52:935][764]LogModuleManager: Shutting down and abandoning module LinuxNoEditorTargetPlatform (41)
[2016.11.06-15.55.52:935][764]LogModuleManager: Shutting down and abandoning module TVOSTargetPlatform (40)
[2016.11.06-15.55.52:935][764]LogModuleManager: Shutting down and abandoning module Messaging (39)
[2016.11.06-15.55.52:935][764]LogModuleManager: Shutting down and abandoning module IOSTargetPlatform (38)
[2016.11.06-15.55.52:935][764]LogModuleManager: Shutting down and abandoning module HTML5TargetPlatform (37)
[2016.11.06-15.55.52:935][764]LogModuleManager: Shutting down and abandoning module Android_PVRTCTargetPlatform (36)
[2016.11.06-15.55.52:935][764]LogModuleManager: Shutting down and abandoning module Android_MultiTargetPlatform (35)
[2016.11.06-15.55.52:935][764]LogModuleManager: Shutting down and abandoning module Android_ETC2TargetPlatform (34)
[2016.11.06-15.55.52:935][764]LogModuleManager: Shutting down and abandoning module Android_ETC1TargetPlatform (33)
[2016.11.06-15.55.52:935][764]LogModuleManager: Shutting down and abandoning module Android_DXTTargetPlatform (32)
[2016.11.06-15.55.52:936][764]LogModuleManager: Shutting down and abandoning module Android_ATCTargetPlatform (31)
[2016.11.06-15.55.52:936][764]LogModuleManager: Shutting down and abandoning module Android_ASTCTargetPlatform (30)
[2016.11.06-15.55.52:936][764]LogModuleManager: Shutting down and abandoning module AndroidTargetPlatform (29)
[2016.11.06-15.55.52:936][764]LogModuleManager: Shutting down and abandoning module WindowsTargetPlatform (28)
[2016.11.06-15.55.52:936][764]LogModuleManager: Shutting down and abandoning module WindowsServerTargetPlatform (27)
[2016.11.06-15.55.52:936][764]LogModuleManager: Shutting down and abandoning module WindowsNoEditorTargetPlatform (26)
[2016.11.06-15.55.52:936][764]LogModuleManager: Shutting down and abandoning module WindowsClientTargetPlatform (25)
[2016.11.06-15.55.52:936][764]LogModuleManager: Shutting down and abandoning module AllDesktopTargetPlatform (24)
[2016.11.06-15.55.52:936][764]LogModuleManager: Shutting down and abandoning module TargetPlatform (23)
[2016.11.06-15.55.52:936][764]LogModuleManager: Shutting down and abandoning module InputCore (22)
[2016.11.06-15.55.52:936][764]LogModuleManager: Shutting down and abandoning module Settings (21)
[2016.11.06-15.55.52:936][764]LogModuleManager: Shutting down and abandoning module OnlineSubsystem (19)
[2016.11.06-15.55.52:936][764]LogModuleManager: Shutting down and abandoning module HTTP (18)
[2016.11.06-15.55.55:943][764]LogModuleManager: Shutting down and abandoning module XMPP (17)
[2016.11.06-15.55.55:945][764]LogModuleManager: Shutting down and abandoning module OculusRift (16)
[2016.11.06-15.55.55:946][764]LogModuleManager: Shutting down and abandoning module ExampleDeviceProfileSelector (15)
[2016.11.06-15.55.55:946][764]LogModuleManager: Shutting down and abandoning module TextureCompressor (14)
[2016.11.06-15.55.55:946][764]LogModuleManager: Shutting down and abandoning module ShaderCore (13)
[2016.11.06-15.55.55:946][764]LogModuleManager: Shutting down and abandoning module Landscape (12)
[2016.11.06-15.55.55:946][764]LogModuleManager: Shutting down and abandoning module SlateRHIRenderer (11)
[2016.11.06-15.55.55:951][764]LogModuleManager: Shutting down and abandoning module OpenGLDrv (10)
[2016.11.06-15.55.55:952][764]LogModuleManager: Shutting down and abandoning module D3D11RHI (9)
[2016.11.06-15.55.55:952][764]LogModuleManager: Shutting down and abandoning module AnimGraphRuntime (8)
[2016.11.06-15.55.55:952][764]LogModuleManager: Shutting down and abandoning module Renderer (7)
[2016.11.06-15.55.55:952][764]LogModuleManager: Shutting down and abandoning module Engine (6)
[2016.11.06-15.55.55:952][764]LogModuleManager: Shutting down and abandoning module CoreUObject (5)
[2016.11.06-15.55.55:952][764]LogModuleManager: Shutting down and abandoning module NetworkFile (4)
[2016.11.06-15.55.55:953][764]LogModuleManager: Shutting down and abandoning module StreamingFile (3)
[2016.11.06-15.55.55:953][764]LogModuleManager: Shutting down and abandoning module SandboxFile (2)
[2016.11.06-15.55.55:953][764]LogModuleManager: Shutting down and abandoning module PakFile (1)
[2016.11.06-15.55.55:958][764]LogExit: Exiting.
[2016.11.06-15.55.55:977][764]Log file closed, 11/06/16 16:55:55
